[0.000000] (-) TimerEvent: {}
[0.000348] (-) JobUnselected: {'identifier': 'hunter_base'}
[0.000389] (-) JobUnselected: {'identifier': 'hunter_bringup'}
[0.000406] (-) JobUnselected: {'identifier': 'hunter_description'}
[0.000419] (-) JobUnselected: {'identifier': 'hunter_msgs'}
[0.000431] (-) JobUnselected: {'identifier': 'hunter_ros'}
[0.000442] (-) JobUnselected: {'identifier': 'hunter_webots_sim'}
[0.000457] (wrp_sdk) JobQueued: {'identifier': 'wrp_sdk', 'dependencies': OrderedDict()}
[0.000472] (wrp_sdk) JobStarted: {'identifier': 'wrp_sdk'}
[0.006465] (wrp_sdk) JobProgress: {'identifier': 'wrp_sdk', 'progress': 'cmake'}
[0.006846] (wrp_sdk) JobProgress: {'identifier': 'wrp_sdk', 'progress': 'build'}
[0.007343] (wrp_sdk) Command: {'cmd': ['/usr/bin/cmake', '--build', '/robot/Automan-hunter/Workspace/ros2_ws/build/wrp_sdk', '--', '-j24', '-l24'], 'cwd': '/robot/Automan-hunter/Workspace/ros2_ws/build/wrp_sdk', 'env': OrderedDict([('LESSOPEN', '| /usr/bin/lesspipe %s'), ('LANGUAGE', 'en_US:en'), ('USER', 'yanxin'), ('LC_TIME', 'en_US.UTF-8'), ('SSH_AGENT_PID', '3330'), ('ROS_PACKAGE_PATH', ':/robot/ws_orbslam/ORB_SLAM2/Examples/ROS:/robot/ws_orbslam/ORB_SLAM2_modified/Examples/ROS'), ('XDG_SESSION_TYPE', 'x11'), ('SHLVL', '1'), ('LD_LIBRARY_PATH', '/opt/ros/foxy/opt/yaml_cpp_vendor/lib:/opt/ros/foxy/opt/rviz_ogre_vendor/lib:/opt/ros/foxy/lib/x86_64-linux-gnu:/opt/ros/foxy/lib::/usr/local/cuda/lib64:/usr/local/cuda/extras/CUPTI/lib64'), ('HOME', '/home/yanxin'), ('OLDPWD', '/robot/Automan-hunter/Workspace/ros2_ws/src'), ('DESKTOP_SESSION', 'ubuntu'), ('ROS_PYTHON_VERSION', '3'), ('GNOME_SHELL_SESSION_MODE', 'ubuntu'), ('GTK_MODULES', 'gail:atk-bridge'), ('LC_MONETARY', 'en_US.UTF-8'), ('MANAGERPID', '3148'), ('DBUS_SESSION_BUS_ADDRESS', 'unix:path=/run/user/1000/bus'), ('COLORTERM', 'truecolor'), ('TERMINATOR_DBUS_NAME', 'net.tenshu.Terminator23558193cd9818af7fe4d2c2f5bd9d00f'), ('LIBVIRT_DEFAULT_URI', 'qemu:///system'), ('GIO_LAUNCHED_DESKTOP_FILE_PID', '4039'), ('MANDATORY_PATH', '/usr/share/gconf/ubuntu.mandatory.path'), ('IM_CONFIG_PHASE', '1'), ('COLCON_PREFIX_PATH', '/robot/Automan-hunter/Workspace/ros2_ws/install'), ('ROS_DISTRO', 'foxy'), ('LOGNAME', 'yanxin'), ('JOURNAL_STREAM', '9:67470'), ('_', '/usr/bin/colcon'), ('ROS_VERSION', '2'), ('XDG_SESSION_CLASS', 'user'), ('DEFAULTS_PATH', '/usr/share/gconf/ubuntu.default.path'), ('USERNAME', 'yanxin'), ('TERM', 'xterm-256color'), ('GNOME_DESKTOP_SESSION_ID', 'this-is-deprecated'), ('ROS_LOCALHOST_ONLY', '0'), ('WINDOWPATH', '2'), ('PATH', '/opt/ros/foxy/bin:/home/yanxin/.local/bin:/home/yanxin/bin:/usr/local/sbin:/usr/local/bin:/usr/sbin:/usr/bin:/sbin:/bin:/usr/games:/usr/local/games:/snap/bin:/usr/local/cuda/bin:/usr/local/cuda/bin:/robot/matlab/bin'), ('SESSION_MANAGER', 'local/yanxin:@/tmp/.ICE-unix/3358,unix/yanxin:/tmp/.ICE-unix/3358'), ('INVOCATION_ID', '5a9975eca5bb474e848f37209558e621'), ('PAPERSIZE', 'letter'), ('XDG_MENU_PREFIX', 'gnome-'), ('LC_ADDRESS', 'en_US.UTF-8'), ('XDG_RUNTIME_DIR', '/run/user/1000'), ('DISPLAY', ':1'), ('TERMINATOR_DBUS_PATH', '/net/tenshu/Terminator2'), ('LANG', 'en_US.UTF-8'), ('XDG_CURRENT_DESKTOP', 'ubuntu:GNOME'), ('LC_TELEPHONE', 'en_US.UTF-8'), ('XMODIFIERS', '@im=ibus'), ('XDG_SESSION_DESKTOP', 'ubuntu'), ('XAUTHORITY', '/run/user/1000/gdm/Xauthority'), ('LS_COLORS', 'rs=0:di=01;34:ln=01;36:mh=00:pi=40;33:so=01;35:do=01;35:bd=40;33;01:cd=40;33;01:or=40;31;01:mi=00:su=37;41:sg=30;43:ca=30;41:tw=30;42:ow=34;42:st=37;44:ex=01;32:*.tar=01;31:*.tgz=01;31:*.arc=01;31:*.arj=01;31:*.taz=01;31:*.lha=01;31:*.lz4=01;31:*.lzh=01;31:*.lzma=01;31:*.tlz=01;31:*.txz=01;31:*.tzo=01;31:*.t7z=01;31:*.zip=01;31:*.z=01;31:*.dz=01;31:*.gz=01;31:*.lrz=01;31:*.lz=01;31:*.lzo=01;31:*.xz=01;31:*.zst=01;31:*.tzst=01;31:*.bz2=01;31:*.bz=01;31:*.tbz=01;31:*.tbz2=01;31:*.tz=01;31:*.deb=01;31:*.rpm=01;31:*.jar=01;31:*.war=01;31:*.ear=01;31:*.sar=01;31:*.rar=01;31:*.alz=01;31:*.ace=01;31:*.zoo=01;31:*.cpio=01;31:*.7z=01;31:*.rz=01;31:*.cab=01;31:*.wim=01;31:*.swm=01;31:*.dwm=01;31:*.esd=01;31:*.jpg=01;35:*.jpeg=01;35:*.mjpg=01;35:*.mjpeg=01;35:*.gif=01;35:*.bmp=01;35:*.pbm=01;35:*.pgm=01;35:*.ppm=01;35:*.tga=01;35:*.xbm=01;35:*.xpm=01;35:*.tif=01;35:*.tiff=01;35:*.png=01;35:*.svg=01;35:*.svgz=01;35:*.mng=01;35:*.pcx=01;35:*.mov=01;35:*.mpg=01;35:*.mpeg=01;35:*.m2v=01;35:*.mkv=01;35:*.webm=01;35:*.ogm=01;35:*.mp4=01;35:*.m4v=01;35:*.mp4v=01;35:*.vob=01;35:*.qt=01;35:*.nuv=01;35:*.wmv=01;35:*.asf=01;35:*.rm=01;35:*.rmvb=01;35:*.flc=01;35:*.avi=01;35:*.fli=01;35:*.flv=01;35:*.gl=01;35:*.dl=01;35:*.xcf=01;35:*.xwd=01;35:*.yuv=01;35:*.cgm=01;35:*.emf=01;35:*.ogv=01;35:*.ogx=01;35:*.aac=00;36:*.au=00;36:*.flac=00;36:*.m4a=00;36:*.mid=00;36:*.midi=00;36:*.mka=00;36:*.mp3=00;36:*.mpc=00;36:*.ogg=00;36:*.ra=00;36:*.wav=00;36:*.oga=00;36:*.opus=00;36:*.spx=00;36:*.xspf=00;36:'), ('SSH_AUTH_SOCK', '/run/user/1000/keyring/ssh'), ('AMENT_PREFIX_PATH', '/robot/Automan-hunter/Workspace/ros2_ws/install/wrp_sdk:/opt/ros/foxy'), ('SHELL', '/bin/bash'), ('LC_NAME', 'en_US.UTF-8'), ('TERMINATOR_UUID', 'urn:uuid:29f59943-c7d2-4580-82ec-6b8dde36abfe'), ('QT_ACCESSIBILITY', '1'), ('GDMSESSION', 'ubuntu'), ('LESSCLOSE', '/usr/bin/lesspipe %s %s'), ('LC_MEASUREMENT', 'en_US.UTF-8'), ('GPG_AGENT_INFO', '/run/user/1000/gnupg/S.gpg-agent:0:1'), ('LC_IDENTIFICATION', 'en_US.UTF-8'), ('QT_IM_MODULE', 'ibus'), ('PWD', '/robot/Automan-hunter/Workspace/ros2_ws/build/wrp_sdk'), ('LC_ALL', 'en_US.UTF-8'), ('CUDA_HOME', '/usr/local/cuda'), ('XDG_CONFIG_DIRS', '/etc/xdg/xdg-ubuntu:/etc/xdg'), ('XDG_DATA_DIRS', '/usr/share/ubuntu:/usr/local/share/:/usr/share/:/var/lib/snapd/desktop'), ('PYTHONPATH', '/opt/ros/foxy/lib/python3.8/site-packages'), ('LC_NUMERIC', 'en_US.UTF-8'), ('LC_PAPER', 'en_US.UTF-8'), ('COLCON', '1'), ('VTE_VERSION', '6003'), ('CMAKE_PREFIX_PATH', '/robot/Automan-hunter/Workspace/ros2_ws/install/wrp_sdk:/opt/ros/foxy')]), 'shell': False}
[0.024658] (wrp_sdk) StdoutLine: {'line': b'-- Found ament_cmake: 0.9.9 (/opt/ros/foxy/share/ament_cmake/cmake)\n'}
[0.037748] (wrp_sdk) StdoutLine: {'line': b'-- Using PYTHON_EXECUTABLE: /usr/bin/python3\n'}
[0.099603] (-) TimerEvent: {}
[0.185413] (wrp_sdk) StdoutLine: {'line': b'-- Found PythonInterp: /usr/bin/python3 (found version "3.8.10") \n'}
[0.186585] (wrp_sdk) StdoutLine: {'line': b'-- Looking for pthread.h\n'}
[0.199664] (-) TimerEvent: {}
[0.227684] (wrp_sdk) StdoutLine: {'line': b'-- Looking for pthread.h - found\n'}
[0.228002] (wrp_sdk) StdoutLine: {'line': b'-- Performing Test CMAKE_HAVE_LIBC_PTHREAD\n'}
[0.267466] (wrp_sdk) StdoutLine: {'line': b'-- Performing Test CMAKE_HAVE_LIBC_PTHREAD - Failed\n'}
[0.267720] (wrp_sdk) StdoutLine: {'line': b'-- Check if compiler accepts -pthread\n'}
[0.299730] (-) TimerEvent: {}
[0.307484] (wrp_sdk) StdoutLine: {'line': b'-- Check if compiler accepts -pthread - yes\n'}
[0.308294] (wrp_sdk) StdoutLine: {'line': b'-- Found Threads: TRUE  \n'}
[0.348707] (wrp_sdk) StdoutLine: {'line': b'-- Configuring done\n'}
[0.360626] (wrp_sdk) StdoutLine: {'line': b'-- Generating done\n'}
[0.361999] (wrp_sdk) StdoutLine: {'line': b'-- Build files have been written to: /robot/Automan-hunter/Workspace/ros2_ws/build/wrp_sdk\n'}
[0.373906] (wrp_sdk) StdoutLine: {'line': b'\x1b[35m\x1b[1mScanning dependencies of target test_hunter_base\x1b[0m\n'}
[0.374086] (wrp_sdk) StdoutLine: {'line': b'\x1b[35m\x1b[1mScanning dependencies of target test_acan\x1b[0m\n'}
[0.374151] (wrp_sdk) StdoutLine: {'line': b'\x1b[35m\x1b[1mScanning dependencies of target test_aserial\x1b[0m\n'}
[0.375466] (wrp_sdk) StdoutLine: {'line': b'\x1b[35m\x1b[1mScanning dependencies of target test_scout_base\x1b[0m\n'}
[0.375738] (wrp_sdk) StdoutLine: {'line': b'\x1b[35m\x1b[1mScanning dependencies of target test_asio_can\x1b[0m\n'}
[0.376359] (wrp_sdk) StdoutLine: {'line': b'\x1b[35m\x1b[1mScanning dependencies of target test_aserial_comm\x1b[0m\n'}
[0.376873] (wrp_sdk) StdoutLine: {'line': b'\x1b[35m\x1b[1mScanning dependencies of target gtest\x1b[0m\n'}
[0.380045] (wrp_sdk) StdoutLine: {'line': b'[  3%] \x1b[32mBuilding CXX object tests/CMakeFiles/test_aserial.dir/test_aserial.cpp.o\x1b[0m\n'}
[0.380332] (wrp_sdk) StdoutLine: {'line': b'[ 15%] \x1b[32mBuilding CXX object tests/CMakeFiles/test_acan.dir/test_acan.cpp.o\x1b[0m\n'}
[0.380399] (wrp_sdk) StdoutLine: {'line': b'[ 18%] \x1b[32mBuilding CXX object tests/CMakeFiles/test_hunter_base.dir/test_hunter_base.cpp.o\x1b[0m\n'}
[0.380464] (wrp_sdk) StdoutLine: {'line': b'[ 40%] Built target wrp_sdk\n'}
[0.381614] (wrp_sdk) StdoutLine: {'line': b'[ 43%] \x1b[32mBuilding CXX object tests/CMakeFiles/test_scout_base.dir/test_scout_base.cpp.o\x1b[0m\n'}
[0.381867] (wrp_sdk) StdoutLine: {'line': b'[ 46%] \x1b[32mBuilding CXX object tests/CMakeFiles/test_asio_can.dir/test_asio_can.cpp.o\x1b[0m\n'}
[0.382574] (wrp_sdk) StdoutLine: {'line': b'[ 50%] \x1b[32mBuilding CXX object tests/CMakeFiles/test_aserial_comm.dir/test_aserial_comm.cpp.o\x1b[0m\n'}
[0.391850] (wrp_sdk) StdoutLine: {'line': b'[ 53%] \x1b[32mBuilding CXX object unit_tests/googletest/googlemock/gtest/CMakeFiles/gtest.dir/src/gtest-all.cc.o\x1b[0m\n'}
[0.399799] (-) TimerEvent: {}
[0.401203] (wrp_sdk) StderrLine: {'line': b'\x1b[01m\x1b[K/robot/Automan-hunter/Workspace/ros2_ws/src/wrp_sdk/tests/test_aserial.cpp:10:10:\x1b[m\x1b[K \x1b[01;31m\x1b[Kfatal error: \x1b[m\x1b[Kwrp_sdk/asyncio/async_serial.hpp: No such file or directory\n'}
[0.401306] (wrp_sdk) StderrLine: {'line': b'   10 | #include \x1b[01;31m\x1b[K"wrp_sdk/asyncio/async_serial.hpp"\x1b[m\x1b[K\n'}
[0.401360] (wrp_sdk) StderrLine: {'line': b'      |          \x1b[01;31m\x1b[K^~~~~~~~~~~~~~~~~~~~~~~~~~~~~~~~~~\x1b[m\x1b[K\n'}
[0.401438] (wrp_sdk) StderrLine: {'line': b'compilation terminated.\n'}
[0.401483] (wrp_sdk) StderrLine: {'line': b'\x1b[01m\x1b[K/robot/Automan-hunter/Workspace/ros2_ws/src/wrp_sdk/tests/test_acan.cpp:2:10:\x1b[m\x1b[K \x1b[01;31m\x1b[Kfatal error: \x1b[m\x1b[Kwrp_sdk/asyncio/async_can.hpp: No such file or directory\n'}
[0.401528] (wrp_sdk) StderrLine: {'line': b'    2 | #include \x1b[01;31m\x1b[K"wrp_sdk/asyncio/async_can.hpp"\x1b[m\x1b[K\n'}
[0.401569] (wrp_sdk) StderrLine: {'line': b'      |          \x1b[01;31m\x1b[K^~~~~~~~~~~~~~~~~~~~~~~~~~~~~~~\x1b[m\x1b[K\n'}
[0.401609] (wrp_sdk) StderrLine: {'line': b'compilation terminated.\n'}
[0.401850] (wrp_sdk) StderrLine: {'line': b'make[2]: *** [tests/CMakeFiles/test_aserial.dir/build.make:63: tests/CMakeFiles/test_aserial.dir/test_aserial.cpp.o] Error 1\n'}
[0.401974] (wrp_sdk) StderrLine: {'line': b'make[1]: *** [CMakeFiles/Makefile2:407: tests/CMakeFiles/test_aserial.dir/all] Error 2\n'}
[0.402028] (wrp_sdk) StderrLine: {'line': b'make[1]: *** Waiting for unfinished jobs....\n'}
[0.402088] (wrp_sdk) StderrLine: {'line': b'make[2]: *** [tests/CMakeFiles/test_acan.dir/build.make:63: tests/CMakeFiles/test_acan.dir/test_acan.cpp.o] Error 1\n'}
[0.402132] (wrp_sdk) StderrLine: {'line': b'make[1]: *** [CMakeFiles/Makefile2:326: tests/CMakeFiles/test_acan.dir/all] Error 2\n'}
[0.403241] (wrp_sdk) StderrLine: {'line': b'\x1b[01m\x1b[K/robot/Automan-hunter/Workspace/ros2_ws/src/wrp_sdk/tests/test_aserial_comm.cpp:10:10:\x1b[m\x1b[K \x1b[01;31m\x1b[Kfatal error: \x1b[m\x1b[Kwrp_sdk/asyncio/async_serial.hpp: No such file or directory\n'}
[0.403302] (wrp_sdk) StderrLine: {'line': b'   10 | #include \x1b[01;31m\x1b[K"wrp_sdk/asyncio/async_serial.hpp"\x1b[m\x1b[K\n'}
[0.403347] (wrp_sdk) StderrLine: {'line': b'      |          \x1b[01;31m\x1b[K^~~~~~~~~~~~~~~~~~~~~~~~~~~~~~~~~~\x1b[m\x1b[K\n'}
[0.403387] (wrp_sdk) StderrLine: {'line': b'compilation terminated.\n'}
[0.403886] (wrp_sdk) StderrLine: {'line': b'make[2]: *** [tests/CMakeFiles/test_aserial_comm.dir/build.make:63: tests/CMakeFiles/test_aserial_comm.dir/test_aserial_comm.cpp.o] Error 1\n'}
[0.403957] (wrp_sdk) StderrLine: {'line': b'make[1]: *** [CMakeFiles/Makefile2:380: tests/CMakeFiles/test_aserial_comm.dir/all] Error 2\n'}
[0.416537] (wrp_sdk) StderrLine: {'line': b'\x1b[01m\x1b[K/robot/Automan-hunter/Workspace/ros2_ws/src/wrp_sdk/tests/test_scout_base.cpp:11:10:\x1b[m\x1b[K \x1b[01;31m\x1b[Kfatal error: \x1b[m\x1b[Kwrp_sdk/platforms/scout/scout_base.hpp: No such file or directory\n'}
[0.416603] (wrp_sdk) StderrLine: {'line': b'   11 | #include \x1b[01;31m\x1b[K"wrp_sdk/platforms/scout/scout_base.hpp"\x1b[m\x1b[K\n'}
[0.416651] (wrp_sdk) StderrLine: {'line': b'      |          \x1b[01;31m\x1b[K^~~~~~~~~~~~~~~~~~~~~~~~~~~~~~~~~~~~~~~~\x1b[m\x1b[K\n'}
[0.416693] (wrp_sdk) StderrLine: {'line': b'compilation terminated.\n'}
[0.417218] (wrp_sdk) StderrLine: {'line': b'make[2]: *** [tests/CMakeFiles/test_scout_base.dir/build.make:63: tests/CMakeFiles/test_scout_base.dir/test_scout_base.cpp.o] Error 1\n'}
[0.417308] (wrp_sdk) StderrLine: {'line': b'make[1]: *** [CMakeFiles/Makefile2:272: tests/CMakeFiles/test_scout_base.dir/all] Error 2\n'}
[0.428843] (wrp_sdk) StderrLine: {'line': b'\x1b[01m\x1b[K/robot/Automan-hunter/Workspace/ros2_ws/src/wrp_sdk/tests/test_hunter_base.cpp:11:10:\x1b[m\x1b[K \x1b[01;31m\x1b[Kfatal error: \x1b[m\x1b[Kwrp_sdk/platforms/hunter/hunter_base.hpp: No such file or directory\n'}
[0.428945] (wrp_sdk) StderrLine: {'line': b'   11 | #include \x1b[01;31m\x1b[K"wrp_sdk/platforms/hunter/hunter_base.hpp"\x1b[m\x1b[K\n'}
[0.429018] (wrp_sdk) StderrLine: {'line': b'      |          \x1b[01;31m\x1b[K^~~~~~~~~~~~~~~~~~~~~~~~~~~~~~~~~~~~~~~~~~\x1b[m\x1b[K\n'}
[0.429081] (wrp_sdk) StderrLine: {'line': b'compilation terminated.\n'}
[0.429711] (wrp_sdk) StderrLine: {'line': b'make[2]: *** [tests/CMakeFiles/test_hunter_base.dir/build.make:63: tests/CMakeFiles/test_hunter_base.dir/test_hunter_base.cpp.o] Error 1\n'}
[0.429805] (wrp_sdk) StderrLine: {'line': b'make[1]: *** [CMakeFiles/Makefile2:299: tests/CMakeFiles/test_hunter_base.dir/all] Error 2\n'}
[0.499892] (-) TimerEvent: {}
[0.600123] (-) TimerEvent: {}
[0.700361] (-) TimerEvent: {}
[0.800600] (-) TimerEvent: {}
[0.900833] (-) TimerEvent: {}
[1.001067] (-) TimerEvent: {}
[1.101298] (-) TimerEvent: {}
[1.201541] (-) TimerEvent: {}
[1.301788] (-) TimerEvent: {}
[1.402020] (-) TimerEvent: {}
[1.502213] (-) TimerEvent: {}
[1.602394] (-) TimerEvent: {}
[1.702544] (-) TimerEvent: {}
[1.802680] (-) TimerEvent: {}
[1.902825] (-) TimerEvent: {}
[2.002983] (-) TimerEvent: {}
[2.069450] (wrp_sdk) StdoutLine: {'line': b'[ 56%] \x1b[32m\x1b[1mLinking CXX executable test_asio_can\x1b[0m\n'}
[2.086702] (wrp_sdk) StderrLine: {'line': b'/usr/bin/ld: cannot find -lwrpsdk\n'}
[2.086779] (wrp_sdk) StderrLine: {'line': b'collect2: error: ld returned 1 exit status\n'}
[2.087511] (wrp_sdk) StderrLine: {'line': b'make[2]: *** [tests/CMakeFiles/test_asio_can.dir/build.make:84: tests/test_asio_can] Error 1\n'}
[2.087604] (wrp_sdk) StderrLine: {'line': b'make[1]: *** [CMakeFiles/Makefile2:353: tests/CMakeFiles/test_asio_can.dir/all] Error 2\n'}
[2.103052] (-) TimerEvent: {}
[2.203193] (-) TimerEvent: {}
[2.303325] (-) TimerEvent: {}
[2.403457] (-) TimerEvent: {}
[2.503577] (-) TimerEvent: {}
[2.603698] (-) TimerEvent: {}
[2.703831] (-) TimerEvent: {}
[2.803960] (-) TimerEvent: {}
[2.904090] (-) TimerEvent: {}
[3.004222] (-) TimerEvent: {}
[3.104346] (-) TimerEvent: {}
[3.204477] (-) TimerEvent: {}
[3.304607] (-) TimerEvent: {}
[3.404736] (-) TimerEvent: {}
[3.504865] (-) TimerEvent: {}
[3.604995] (-) TimerEvent: {}
[3.705126] (-) TimerEvent: {}
[3.805247] (-) TimerEvent: {}
[3.905367] (-) TimerEvent: {}
[4.005499] (-) TimerEvent: {}
[4.105628] (-) TimerEvent: {}
[4.205759] (-) TimerEvent: {}
[4.305880] (-) TimerEvent: {}
[4.406011] (-) TimerEvent: {}
[4.506141] (-) TimerEvent: {}
[4.606262] (-) TimerEvent: {}
[4.706394] (-) TimerEvent: {}
[4.806529] (-) TimerEvent: {}
[4.828801] (wrp_sdk) StdoutLine: {'line': b'[ 59%] \x1b[32m\x1b[1mLinking CXX static library libgtest.a\x1b[0m\n'}
[4.848502] (wrp_sdk) StdoutLine: {'line': b'[ 59%] Built target gtest\n'}
[4.848971] (wrp_sdk) StderrLine: {'line': b'make: *** [Makefile:141: all] Error 2\n'}
[4.850063] (wrp_sdk) CommandEnded: {'returncode': 2}
[4.879912] (wrp_sdk) JobEnded: {'identifier': 'wrp_sdk', 'rc': 2}
[4.890186] (-) EventReactorShutdown: {}
