[0.008s] Invoking command in '/robot/Automan-hunter/Workspace/ros2_ws/build/wrp_sdk': CMAKE_PREFIX_PATH=${CMAKE_PREFIX_PATH}:/opt/ros/foxy /usr/bin/cmake --build /robot/Automan-hunter/Workspace/ros2_ws/build/wrp_sdk -- -j24 -l24
[0.024s] -- Found ament_cmake: 0.9.9 (/opt/ros/foxy/share/ament_cmake/cmake)
[0.037s] -- Using PYTHON_EXECUTABLE: /usr/bin/python3
[0.185s] -- Found PythonInterp: /usr/bin/python3 (found version "3.8.10") 
[0.226s] -- Configuring done
[0.238s] -- Generating done
[0.239s] -- Build files have been written to: /robot/Automan-hunter/Workspace/ros2_ws/build/wrp_sdk
[0.253s] [35m[1mScanning dependencies of target test_asio_can[0m
[0.253s] [35m[1mScanning dependencies of target test_acan[0m
[0.253s] [35m[1mScanning dependencies of target test_scout_base[0m
[0.253s] [35m[1mScanning dependencies of target test_hunter_base[0m
[0.254s] [35m[1mScanning dependencies of target test_aserial[0m
[0.254s] [35m[1mScanning dependencies of target test_aserial_comm[0m
[0.254s] [35m[1mScanning dependencies of target gtest[0m
[0.259s] [  3%] [32mBuilding CXX object tests/CMakeFiles/test_acan.dir/test_acan.cpp.o[0m
[0.259s] [  6%] [32mBuilding CXX object tests/CMakeFiles/test_asio_can.dir/test_asio_can.cpp.o[0m
[0.259s] [  9%] [32mBuilding CXX object tests/CMakeFiles/test_hunter_base.dir/test_hunter_base.cpp.o[0m
[0.259s] [ 40%] Built target wrp_sdk
[0.260s] [ 46%] [32mBuilding CXX object tests/CMakeFiles/test_scout_base.dir/test_scout_base.cpp.o[0m
[0.260s] [ 46%] [32mBuilding CXX object tests/CMakeFiles/test_aserial.dir/test_aserial.cpp.o[0m
[0.261s] [ 50%] [32mBuilding CXX object unit_tests/googletest/googlemock/gtest/CMakeFiles/gtest.dir/src/gtest-all.cc.o[0m
[0.262s] [ 53%] [32mBuilding CXX object tests/CMakeFiles/test_aserial_comm.dir/test_aserial_comm.cpp.o[0m
[0.280s] [01m[K/robot/Automan-hunter/Workspace/ros2_ws/src/wrp_sdk/tests/test_acan.cpp:2:10:[m[K [01;31m[Kfatal error: [m[Kwrp_sdk/asyncio/async_can.hpp: No such file or directory
[0.280s]     2 | #include [01;31m[K"wrp_sdk/asyncio/async_can.hpp"[m[K
[0.280s]       |          [01;31m[K^~~~~~~~~~~~~~~~~~~~~~~~~~~~~~~[m[K
[0.280s] compilation terminated.
[0.280s] make[2]: *** [tests/CMakeFiles/test_acan.dir/build.make:63: tests/CMakeFiles/test_acan.dir/test_acan.cpp.o] Error 1
[0.281s] make[1]: *** [CMakeFiles/Makefile2:326: tests/CMakeFiles/test_acan.dir/all] Error 2
[0.281s] make[1]: *** Waiting for unfinished jobs....
[0.282s] [01m[K/robot/Automan-hunter/Workspace/ros2_ws/src/wrp_sdk/tests/test_aserial_comm.cpp:10:10:[m[K [01;31m[Kfatal error: [m[Kwrp_sdk/asyncio/async_serial.hpp: No such file or directory
[0.282s]    10 | #include [01;31m[K"wrp_sdk/asyncio/async_serial.hpp"[m[K
[0.282s]       |          [01;31m[K^~~~~~~~~~~~~~~~~~~~~~~~~~~~~~~~~~[m[K
[0.282s] compilation terminated.
[0.282s] make[2]: *** [tests/CMakeFiles/test_aserial_comm.dir/build.make:63: tests/CMakeFiles/test_aserial_comm.dir/test_aserial_comm.cpp.o] Error 1
[0.282s] make[1]: *** [CMakeFiles/Makefile2:380: tests/CMakeFiles/test_aserial_comm.dir/all] Error 2
[0.283s] [01m[K/robot/Automan-hunter/Workspace/ros2_ws/src/wrp_sdk/tests/test_aserial.cpp:10:10:[m[K [01;31m[Kfatal error: [m[Kwrp_sdk/asyncio/async_serial.hpp: No such file or directory
[0.283s]    10 | #include [01;31m[K"wrp_sdk/asyncio/async_serial.hpp"[m[K
[0.283s]       |          [01;31m[K^~~~~~~~~~~~~~~~~~~~~~~~~~~~~~~~~~[m[K
[0.283s] compilation terminated.
[0.283s] make[2]: *** [tests/CMakeFiles/test_aserial.dir/build.make:63: tests/CMakeFiles/test_aserial.dir/test_aserial.cpp.o] Error 1
[0.283s] make[1]: *** [CMakeFiles/Makefile2:407: tests/CMakeFiles/test_aserial.dir/all] Error 2
[0.293s] [01m[K/robot/Automan-hunter/Workspace/ros2_ws/src/wrp_sdk/tests/test_hunter_base.cpp:11:10:[m[K [01;31m[Kfatal error: [m[Kwrp_sdk/platforms/hunter/hunter_base.hpp: No such file or directory
[0.293s]    11 | #include [01;31m[K"wrp_sdk/platforms/hunter/hunter_base.hpp"[m[K
[0.293s]       |          [01;31m[K^~~~~~~~~~~~~~~~~~~~~~~~~~~~~~~~~~~~~~~~~~[m[K
[0.293s] compilation terminated.
[0.294s] [01m[K/robot/Automan-hunter/Workspace/ros2_ws/src/wrp_sdk/tests/test_scout_base.cpp:11:10:[m[K [01;31m[Kfatal error: [m[Kwrp_sdk/platforms/scout/scout_base.hpp: No such file or directory
[0.294s]    11 | #include [01;31m[K"wrp_sdk/platforms/scout/scout_base.hpp"[m[K
[0.294s]       |          [01;31m[K^~~~~~~~~~~~~~~~~~~~~~~~~~~~~~~~~~~~~~~~[m[K
[0.294s] compilation terminated.
[0.294s] make[2]: *** [tests/CMakeFiles/test_hunter_base.dir/build.make:63: tests/CMakeFiles/test_hunter_base.dir/test_hunter_base.cpp.o] Error 1
[0.294s] make[1]: *** [CMakeFiles/Makefile2:299: tests/CMakeFiles/test_hunter_base.dir/all] Error 2
[0.295s] make[2]: *** [tests/CMakeFiles/test_scout_base.dir/build.make:63: tests/CMakeFiles/test_scout_base.dir/test_scout_base.cpp.o] Error 1
[0.295s] make[1]: *** [CMakeFiles/Makefile2:272: tests/CMakeFiles/test_scout_base.dir/all] Error 2
[1.962s] [ 56%] [32m[1mLinking CXX executable test_asio_can[0m
[1.979s] /usr/bin/ld: cannot find -lwrpsdk
[1.979s] collect2: error: ld returned 1 exit status
[1.980s] make[2]: *** [tests/CMakeFiles/test_asio_can.dir/build.make:84: tests/test_asio_can] Error 1
[1.980s] make[1]: *** [CMakeFiles/Makefile2:353: tests/CMakeFiles/test_asio_can.dir/all] Error 2
[4.666s] [ 59%] [32m[1mLinking CXX static library libgtest.a[0m
[4.686s] [ 59%] Built target gtest
[4.687s] make: *** [Makefile:141: all] Error 2
[4.688s] Invoked command in '/robot/Automan-hunter/Workspace/ros2_ws/build/wrp_sdk' returned '2': CMAKE_PREFIX_PATH=${CMAKE_PREFIX_PATH}:/opt/ros/foxy /usr/bin/cmake --build /robot/Automan-hunter/Workspace/ros2_ws/build/wrp_sdk -- -j24 -l24
