-- Found ament_cmake: 0.9.9 (/opt/ros/foxy/share/ament_cmake/cmake)
-- Found PythonInterp: /usr/bin/python3 (found suitable version "3.8.10", minimum required is "3") 
-- Using PYTHON_EXECUTABLE: /usr/bin/python3
-- Found PythonInterp: /usr/bin/python3 (found version "3.8.10") 
-- Configuring done
-- Generating done
-- Build files have been written to: /robot/Automan-hunter/Workspace/ros2_ws/build/wrp_sdk
[35m[1mScanning dependencies of target gtest[0m
[  9%] [32m[1mLinking CXX executable test_aserial_comm[0m
[ 12%] [32m[1mLinking CXX executable test_asio_can[0m
[ 37%] Built target wrp_sdk
[ 40%] [32mBuilding CXX object tests/CMakeFiles/test_acan.dir/test_acan.cpp.o[0m
[ 43%] [32mBuilding CXX object tests/CMakeFiles/test_hunter_base.dir/test_hunter_base.cpp.o[0m
[ 46%] [32mBuilding CXX object unit_tests/googletest/googlemock/gtest/CMakeFiles/gtest.dir/src/gtest-all.cc.o[0m
[ 50%] [32mBuilding CXX object tests/CMakeFiles/test_scout_base.dir/test_scout_base.cpp.o[0m
[ 53%] [32m[1mLinking CXX executable test_aserial[0m
/usr/bin/ld: cannot find -lwrpsdk
collect2: error: ld returned 1 exit status
make[2]: *** [tests/CMakeFiles/test_aserial_comm.dir/build.make:84: tests/test_aserial_comm] Error 1
make[1]: *** [CMakeFiles/Makefile2:380: tests/CMakeFiles/test_aserial_comm.dir/all] Error 2
make[1]: *** Waiting for unfinished jobs....
/usr/bin/ld: cannot find -lwrpsdk
collect2: error: ld returned 1 exit status
make[2]: *** [tests/CMakeFiles/test_aserial.dir/build.make:84: tests/test_aserial] Error 1
make[1]: *** [CMakeFiles/Makefile2:407: tests/CMakeFiles/test_aserial.dir/all] Error 2
/usr/bin/ld: cannot find -lwrpsdk
collect2: error: ld returned 1 exit status
make[2]: *** [tests/CMakeFiles/test_asio_can.dir/build.make:84: tests/test_asio_can] Error 1
make[1]: *** [CMakeFiles/Makefile2:353: tests/CMakeFiles/test_asio_can.dir/all] Error 2
In file included from [01m[K/robot/Automan-hunter/Workspace/ros2_ws/src/wrp_sdk/tests/test_acan.cpp:2[m[K:
[01m[K/robot/Automan-hunter/Workspace/ros2_ws/src/wrp_sdk/include/wrp_sdk/asyncio/async_can.hpp:111:18:[m[K [01;31m[Kerror: [m[Kâ€˜[01m[Kbasic_stream_descriptor[m[Kâ€™ in namespace â€˜[01m[Kasio::posix[m[Kâ€™ does not name a template type; did you mean â€˜[01m[Kstream_descriptor[m[Kâ€™?
  111 |     asio::posix::[01;31m[Kbasic_stream_descriptor[m[K<> stream;
      |                  [01;31m[K^~~~~~~~~~~~~~~~~~~~~~~[m[K
      |                  [32m[Kstream_descriptor[m[K
[01m[K/robot/Automan-hunter/Workspace/ros2_ws/src/wrp_sdk/include/wrp_sdk/asyncio/async_can.hpp:119:60:[m[K [01;31m[Kerror: [m[Kâ€˜[01m[Kasio::posix::basic_stream_descriptor[m[Kâ€™ has not been declared
  119 |     void do_read(struct can_frame &rec_frame, asio::posix::[01;31m[Kbasic_stream_descriptor[m[K<> &stream);
      |                                                            [01;31m[K^~~~~~~~~~~~~~~~~~~~~~~[m[K
[01m[K/robot/Automan-hunter/Workspace/ros2_ws/src/wrp_sdk/include/wrp_sdk/asyncio/async_can.hpp:119:83:[m[K [01;31m[Kerror: [m[Kexpected â€˜[01m[K,[m[Kâ€™ or â€˜[01m[K...[m[Kâ€™ before â€˜[01m[K<[m[Kâ€™ token
  119 |     void do_read(struct can_frame &rec_frame, asio::posix::basic_stream_descriptor[01;31m[K<[m[K> &stream);
      |                                                                                   [01;31m[K^[m[K
In file included from [01m[K/robot/Automan-hunter/Workspace/ros2_ws/src/wrp_sdk/include/wrp_sdk/platforms/scout/scout_base.hpp:19[m[K,
                 from [01m[K/robot/Automan-hunter/Workspace/ros2_ws/src/wrp_sdk/tests/test_scout_base.cpp:11[m[K:
[01m[K/robot/Automan-hunter/Workspace/ros2_ws/src/wrp_sdk/include/wrp_sdk/asyncio/async_can.hpp:111:18:[m[K [01;31m[Kerror: [m[Kâ€˜[01m[Kbasic_stream_descriptor[m[Kâ€™ in namespace â€˜[01m[Kasio::posix[m[Kâ€™ does not name a template type; did you mean â€˜[01m[Kstream_descriptor[m[Kâ€™?
  111 |     asio::posix::[01;31m[Kbasic_stream_descriptor[m[K<> stream;
      |                  [01;31m[K^~~~~~~~~~~~~~~~~~~~~~~[m[K
      |                  [32m[Kstream_descriptor[m[K
[01m[K/robot/Automan-hunter/Workspace/ros2_ws/src/wrp_sdk/tests/test_acan.cpp:[m[K In function â€˜[01m[Kvoid parse_buffer(uint8_t*, size_t, size_t)[m[Kâ€™:
[01m[K/robot/Automan-hunter/Workspace/ros2_ws/src/wrp_sdk/tests/test_acan.cpp:15:14:[m[K [01;35m[Kwarning: [m[Kunused variable â€˜[01m[Kc[m[Kâ€™ [[01;35m[K-Wunused-variable[m[K]
   15 |         auto [01;35m[Kc[m[K = *buf++;
      |              [01;35m[K^[m[K
[01m[K/robot/Automan-hunter/Workspace/ros2_ws/src/wrp_sdk/tests/test_acan.cpp:6:46:[m[K [01;35m[Kwarning: [m[Kunused parameter â€˜[01m[Kbufsize[m[Kâ€™ [[01;35m[K-Wunused-parameter[m[K]
    6 | void parse_buffer(uint8_t *buf, [01;35m[Kconst size_t bufsize[m[K, size_t bytes_received)
      |                                 [01;35m[K~~~~~~~~~~~~~^~~~~~~[m[K
[01m[K/robot/Automan-hunter/Workspace/ros2_ws/src/wrp_sdk/include/wrp_sdk/asyncio/async_can.hpp:119:60:[m[K [01;31m[Kerror: [m[Kâ€˜[01m[Kasio::posix::basic_stream_descriptor[m[Kâ€™ has not been declared
  119 |     void do_read(struct can_frame &rec_frame, asio::posix::[01;31m[Kbasic_stream_descriptor[m[K<> &stream);
      |                                                            [01;31m[K^~~~~~~~~~~~~~~~~~~~~~~[m[K
[01m[K/robot/Automan-hunter/Workspace/ros2_ws/src/wrp_sdk/include/wrp_sdk/asyncio/async_can.hpp:119:83:[m[K [01;31m[Kerror: [m[Kexpected â€˜[01m[K,[m[Kâ€™ or â€˜[01m[K...[m[Kâ€™ before â€˜[01m[K<[m[Kâ€™ token
  119 |     void do_read(struct can_frame &rec_frame, asio::posix::basic_stream_descriptor[01;31m[K<[m[K> &stream);
      |                                                                                   [01;31m[K^[m[K
In file included from [01m[K/robot/Automan-hunter/Workspace/ros2_ws/src/wrp_sdk/include/wrp_sdk/asyncio/async_serial.hpp:44[m[K,
                 from [01m[K/robot/Automan-hunter/Workspace/ros2_ws/src/wrp_sdk/include/wrp_sdk/platforms/scout/scout_base.hpp:20[m[K,
                 from [01m[K/robot/Automan-hunter/Workspace/ros2_ws/src/wrp_sdk/tests/test_scout_base.cpp:11[m[K:
[01m[K/robot/Automan-hunter/Workspace/ros2_ws/src/wrp_sdk/include/wrp_sdk/asyncio/msg_buffer.hpp:[m[K In constructor â€˜[01m[Kwestonrobot::MsgBuffer::MsgBuffer()[m[Kâ€™:
[01m[K/robot/Automan-hunter/Workspace/ros2_ws/src/wrp_sdk/include/wrp_sdk/asyncio/msg_buffer.hpp:35:13:[m[K [01;35m[Kwarning: [m[Kâ€˜[01m[Kwestonrobot::MsgBuffer::pos[m[Kâ€™ will be initialized after [[01;35m[K-Wreorder[m[K]
   35 |     ssize_t [01;35m[Kpos[m[K;
      |             [01;35m[K^~~[m[K
[01m[K/robot/Automan-hunter/Workspace/ros2_ws/src/wrp_sdk/include/wrp_sdk/asyncio/msg_buffer.hpp:34:13:[m[K [01;35m[Kwarning: [m[K  â€˜[01m[Kssize_t westonrobot::MsgBuffer::len[m[Kâ€™ [[01;35m[K-Wreorder[m[K]
   34 |     ssize_t [01;35m[Klen[m[K;
      |             [01;35m[K^~~[m[K
[01m[K/robot/Automan-hunter/Workspace/ros2_ws/src/wrp_sdk/include/wrp_sdk/asyncio/msg_buffer.hpp:37:5:[m[K [01;35m[Kwarning: [m[K  when initialized here [[01;35m[K-Wreorder[m[K]
   37 |     [01;35m[KMsgBuffer[m[K() : pos(0),
      |     [01;35m[K^~~~~~~~~[m[K
[01m[K/robot/Automan-hunter/Workspace/ros2_ws/src/wrp_sdk/include/wrp_sdk/asyncio/msg_buffer.hpp:[m[K In constructor â€˜[01m[Kwestonrobot::MsgBuffer::MsgBuffer(const uint8_t*, ssize_t)[m[Kâ€™:
[01m[K/robot/Automan-hunter/Workspace/ros2_ws/src/wrp_sdk/include/wrp_sdk/asyncio/msg_buffer.hpp:35:13:[m[K [01;35m[Kwarning: [m[Kâ€˜[01m[Kwestonrobot::MsgBuffer::pos[m[Kâ€™ will be initialized after [[01;35m[K-Wreorder[m[K]
   35 |     ssize_t [01;35m[Kpos[m[K;
      |             [01;35m[K^~~[m[K
[01m[K/robot/Automan-hunter/Workspace/ros2_ws/src/wrp_sdk/include/wrp_sdk/asyncio/msg_buffer.hpp:34:13:[m[K [01;35m[Kwarning: [m[K  â€˜[01m[Kssize_t westonrobot::MsgBuffer::len[m[Kâ€™ [[01;35m[K-Wreorder[m[K]
   34 |     ssize_t [01;35m[Klen[m[K;
      |             [01;35m[K^~~[m[K
[01m[K/robot/Automan-hunter/Workspace/ros2_ws/src/wrp_sdk/include/wrp_sdk/asyncio/msg_buffer.hpp:46:5:[m[K [01;35m[Kwarning: [m[K  when initialized here [[01;35m[K-Wreorder[m[K]
   46 |     [01;35m[KMsgBuffer[m[K(const uint8_t *bytes, ssize_t nbytes) : pos(0),
      |     [01;35m[K^~~~~~~~~[m[K
[01m[K/robot/Automan-hunter/Workspace/ros2_ws/src/wrp_sdk/tests/test_acan.cpp:[m[K In function â€˜[01m[Kint main(int, char**)[m[Kâ€™:
[01m[K/robot/Automan-hunter/Workspace/ros2_ws/src/wrp_sdk/tests/test_acan.cpp:39:14:[m[K [01;35m[Kwarning: [m[Kunused parameter â€˜[01m[Kargc[m[Kâ€™ [[01;35m[K-Wunused-parameter[m[K]
   39 | int main([01;35m[Kint argc[m[K, char *argv[])
      |          [01;35m[K~~~~^~~~[m[K
[01m[K/robot/Automan-hunter/Workspace/ros2_ws/src/wrp_sdk/tests/test_acan.cpp:39:26:[m[K [01;35m[Kwarning: [m[Kunused parameter â€˜[01m[Kargv[m[Kâ€™ [[01;35m[K-Wunused-parameter[m[K]
   39 | int main(int argc, [01;35m[Kchar *argv[][m[K)
      |                    [01;35m[K~~~~~~^~~~~~[m[K
In file included from [01m[K/robot/Automan-hunter/Workspace/ros2_ws/src/wrp_sdk/include/wrp_sdk/platforms/common/mobile_base.hpp:21[m[K,
                 from [01m[K/robot/Automan-hunter/Workspace/ros2_ws/src/wrp_sdk/include/wrp_sdk/platforms/hunter/hunter_base.hpp:18[m[K,
                 from [01m[K/robot/Automan-hunter/Workspace/ros2_ws/src/wrp_sdk/tests/test_hunter_base.cpp:11[m[K:
[01m[K/robot/Automan-hunter/Workspace/ros2_ws/src/wrp_sdk/include/wrp_sdk/asyncio/async_can.hpp:111:18:[m[K [01;31m[Kerror: [m[Kâ€˜[01m[Kbasic_stream_descriptor[m[Kâ€™ in namespace â€˜[01m[Kasio::posix[m[Kâ€™ does not name a template type; did you mean â€˜[01m[Kstream_descriptor[m[Kâ€™?
  111 |     asio::posix::[01;31m[Kbasic_stream_descriptor[m[K<> stream;
      |                  [01;31m[K^~~~~~~~~~~~~~~~~~~~~~~[m[K
      |                  [32m[Kstream_descriptor[m[K
[01m[K/robot/Automan-hunter/Workspace/ros2_ws/src/wrp_sdk/include/wrp_sdk/asyncio/async_can.hpp:119:60:[m[K [01;31m[Kerror: [m[Kâ€˜[01m[Kasio::posix::basic_stream_descriptor[m[Kâ€™ has not been declared
  119 |     void do_read(struct can_frame &rec_frame, asio::posix::[01;31m[Kbasic_stream_descriptor[m[K<> &stream);
      |                                                            [01;31m[K^~~~~~~~~~~~~~~~~~~~~~~[m[K
[01m[K/robot/Automan-hunter/Workspace/ros2_ws/src/wrp_sdk/include/wrp_sdk/asyncio/async_can.hpp:119:83:[m[K [01;31m[Kerror: [m[Kexpected â€˜[01m[K,[m[Kâ€™ or â€˜[01m[K...[m[Kâ€™ before â€˜[01m[K<[m[Kâ€™ token
  119 |     void do_read(struct can_frame &rec_frame, asio::posix::basic_stream_descriptor[01;31m[K<[m[K> &stream);
      |                                                                                   [01;31m[K^[m[K
In file included from [01m[K/robot/Automan-hunter/Workspace/ros2_ws/src/wrp_sdk/include/wrp_sdk/asyncio/async_serial.hpp:44[m[K,
                 from [01m[K/robot/Automan-hunter/Workspace/ros2_ws/src/wrp_sdk/include/wrp_sdk/platforms/common/mobile_base.hpp:22[m[K,
                 from [01m[K/robot/Automan-hunter/Workspace/ros2_ws/src/wrp_sdk/include/wrp_sdk/platforms/hunter/hunter_base.hpp:18[m[K,
                 from [01m[K/robot/Automan-hunter/Workspace/ros2_ws/src/wrp_sdk/tests/test_hunter_base.cpp:11[m[K:
[01m[K/robot/Automan-hunter/Workspace/ros2_ws/src/wrp_sdk/include/wrp_sdk/asyncio/msg_buffer.hpp:[m[K In constructor â€˜[01m[Kwestonrobot::MsgBuffer::MsgBuffer()[m[Kâ€™:
[01m[K/robot/Automan-hunter/Workspace/ros2_ws/src/wrp_sdk/include/wrp_sdk/asyncio/msg_buffer.hpp:35:13:[m[K [01;35m[Kwarning: [m[Kâ€˜[01m[Kwestonrobot::MsgBuffer::pos[m[Kâ€™ will be initialized after [[01;35m[K-Wreorder[m[K]
   35 |     ssize_t [01;35m[Kpos[m[K;
      |             [01;35m[K^~~[m[K
[01m[K/robot/Automan-hunter/Workspace/ros2_ws/src/wrp_sdk/include/wrp_sdk/asyncio/msg_buffer.hpp:34:13:[m[K [01;35m[Kwarning: [m[K  â€˜[01m[Kssize_t westonrobot::MsgBuffer::len[m[Kâ€™ [[01;35m[K-Wreorder[m[K]
   34 |     ssize_t [01;35m[Klen[m[K;
      |             [01;35m[K^~~[m[K
[01m[K/robot/Automan-hunter/Workspace/ros2_ws/src/wrp_sdk/include/wrp_sdk/asyncio/msg_buffer.hpp:37:5:[m[K [01;35m[Kwarning: [m[K  when initialized here [[01;35m[K-Wreorder[m[K]
   37 |     [01;35m[KMsgBuffer[m[K() : pos(0),
      |     [01;35m[K^~~~~~~~~[m[K
[01m[K/robot/Automan-hunter/Workspace/ros2_ws/src/wrp_sdk/include/wrp_sdk/asyncio/msg_buffer.hpp:[m[K In constructor â€˜[01m[Kwestonrobot::MsgBuffer::MsgBuffer(const uint8_t*, ssize_t)[m[Kâ€™:
[01m[K/robot/Automan-hunter/Workspace/ros2_ws/src/wrp_sdk/include/wrp_sdk/asyncio/msg_buffer.hpp:35:13:[m[K [01;35m[Kwarning: [m[Kâ€˜[01m[Kwestonrobot::MsgBuffer::pos[m[Kâ€™ will be initialized after [[01;35m[K-Wreorder[m[K]
   35 |     ssize_t [01;35m[Kpos[m[K;
      |             [01;35m[K^~~[m[K
[01m[K/robot/Automan-hunter/Workspace/ros2_ws/src/wrp_sdk/include/wrp_sdk/asyncio/msg_buffer.hpp:34:13:[m[K [01;35m[Kwarning: [m[K  â€˜[01m[Kssize_t westonrobot::MsgBuffer::len[m[Kâ€™ [[01;35m[K-Wreorder[m[K]
   34 |     ssize_t [01;35m[Klen[m[K;
      |             [01;35m[K^~~[m[K
[01m[K/robot/Automan-hunter/Workspace/ros2_ws/src/wrp_sdk/include/wrp_sdk/asyncio/msg_buffer.hpp:46:5:[m[K [01;35m[Kwarning: [m[K  when initialized here [[01;35m[K-Wreorder[m[K]
   46 |     [01;35m[KMsgBuffer[m[K(const uint8_t *bytes, ssize_t nbytes) : pos(0),
      |     [01;35m[K^~~~~~~~~[m[K
In file included from [01m[K/robot/Automan-hunter/Workspace/ros2_ws/src/wrp_sdk/include/wrp_sdk/platforms/hunter/hunter_base.hpp:18[m[K,
                 from [01m[K/robot/Automan-hunter/Workspace/ros2_ws/src/wrp_sdk/tests/test_hunter_base.cpp:11[m[K:
[01m[K/robot/Automan-hunter/Workspace/ros2_ws/src/wrp_sdk/include/wrp_sdk/platforms/common/mobile_base.hpp:[m[K In member function â€˜[01m[Kvirtual void westonrobot::MobileBase::ParseCANFrame(can_frame*)[m[Kâ€™:
[01m[K/robot/Automan-hunter/Workspace/ros2_ws/src/wrp_sdk/include/wrp_sdk/platforms/common/mobile_base.hpp:68:41:[m[K [01;35m[Kwarning: [m[Kunused parameter â€˜[01m[Krx_frame[m[Kâ€™ [[01;35m[K-Wunused-parameter[m[K]
   68 |   virtual void ParseCANFrame([01;35m[Kcan_frame *rx_frame[m[K){};
      |                              [01;35m[K~~~~~~~~~~~^~~~~~~~[m[K
[01m[K/robot/Automan-hunter/Workspace/ros2_ws/src/wrp_sdk/include/wrp_sdk/platforms/common/mobile_base.hpp:[m[K In member function â€˜[01m[Kvirtual void westonrobot::MobileBase::ParseUARTBuffer(uint8_t*, size_t, size_t)[m[Kâ€™:
[01m[K/robot/Automan-hunter/Workspace/ros2_ws/src/wrp_sdk/include/wrp_sdk/platforms/common/mobile_base.hpp:69:41:[m[K [01;35m[Kwarning: [m[Kunused parameter â€˜[01m[Kbuf[m[Kâ€™ [[01;35m[K-Wunused-parameter[m[K]
   69 |   virtual void ParseUARTBuffer([01;35m[Kuint8_t *buf[m[K, const size_t bufsize,
      |                                [01;35m[K~~~~~~~~~^~~[m[K
[01m[K/robot/Automan-hunter/Workspace/ros2_ws/src/wrp_sdk/include/wrp_sdk/platforms/common/mobile_base.hpp:69:59:[m[K [01;35m[Kwarning: [m[Kunused parameter â€˜[01m[Kbufsize[m[Kâ€™ [[01;35m[K-Wunused-parameter[m[K]
   69 |   virtual void ParseUARTBuffer(uint8_t *buf, [01;35m[Kconst size_t bufsize[m[K,
      |                                              [01;35m[K~~~~~~~~~~~~~^~~~~~~[m[K
[01m[K/robot/Automan-hunter/Workspace/ros2_ws/src/wrp_sdk/include/wrp_sdk/platforms/common/mobile_base.hpp:70:39:[m[K [01;35m[Kwarning: [m[Kunused parameter â€˜[01m[Kbytes_received[m[Kâ€™ [[01;35m[K-Wunused-parameter[m[K]
   70 |                                [01;35m[Ksize_t bytes_received[m[K){};
      |                                [01;35m[K~~~~~~~^~~~~~~~~~~~~~[m[K
In file included from [01m[K/robot/Automan-hunter/Workspace/ros2_ws/src/wrp_sdk/tests/test_hunter_base.cpp:11[m[K:
[01m[K/robot/Automan-hunter/Workspace/ros2_ws/src/wrp_sdk/include/wrp_sdk/platforms/hunter/hunter_base.hpp:[m[K In member function â€˜[01m[Kvirtual void westonrobot::HunterBase::ParseUARTBuffer(uint8_t*, size_t, size_t)[m[Kâ€™:
[01m[K/robot/Automan-hunter/Workspace/ros2_ws/src/wrp_sdk/include/wrp_sdk/platforms/hunter/hunter_base.hpp:57:33:[m[K [01;35m[Kwarning: [m[Kunused parameter â€˜[01m[Kbuf[m[Kâ€™ [[01;35m[K-Wunused-parameter[m[K]
   57 |   void ParseUARTBuffer([01;35m[Kuint8_t *buf[m[K, const size_t bufsize,
      |                        [01;35m[K~~~~~~~~~^~~[m[K
[01m[K/robot/Automan-hunter/Workspace/ros2_ws/src/wrp_sdk/include/wrp_sdk/platforms/hunter/hunter_base.hpp:57:51:[m[K [01;35m[Kwarning: [m[Kunused parameter â€˜[01m[Kbufsize[m[Kâ€™ [[01;35m[K-Wunused-parameter[m[K]
   57 |   void ParseUARTBuffer(uint8_t *buf, [01;35m[Kconst size_t bufsize[m[K,
      |                                      [01;35m[K~~~~~~~~~~~~~^~~~~~~[m[K
[01m[K/robot/Automan-hunter/Workspace/ros2_ws/src/wrp_sdk/include/wrp_sdk/platforms/hunter/hunter_base.hpp:58:31:[m[K [01;35m[Kwarning: [m[Kunused parameter â€˜[01m[Kbytes_received[m[Kâ€™ [[01;35m[K-Wunused-parameter[m[K]
   58 |                        [01;35m[Ksize_t bytes_received[m[K) override{};
      |                        [01;35m[K~~~~~~~^~~~~~~~~~~~~~[m[K
[01m[K/robot/Automan-hunter/Workspace/ros2_ws/src/wrp_sdk/tests/test_hunter_base.cpp:[m[K In function â€˜[01m[Kint main(int, char**)[m[Kâ€™:
[01m[K/robot/Automan-hunter/Workspace/ros2_ws/src/wrp_sdk/tests/test_hunter_base.cpp:19:11:[m[K [01;35m[Kwarning: [m[Kunused variable â€˜[01m[Kbaud_rate[m[Kâ€™ [[01;35m[K-Wunused-variable[m[K]
   19 |   int32_t [01;35m[Kbaud_rate[m[K = 0;
      |           [01;35m[K^~~~~~~~~[m[K
make[2]: *** [tests/CMakeFiles/test_acan.dir/build.make:63: tests/CMakeFiles/test_acan.dir/test_acan.cpp.o] Error 1
make[1]: *** [CMakeFiles/Makefile2:326: tests/CMakeFiles/test_acan.dir/all] Error 2
make[2]: *** [tests/CMakeFiles/test_scout_base.dir/build.make:63: tests/CMakeFiles/test_scout_base.dir/test_scout_base.cpp.o] Error 1
make[1]: *** [CMakeFiles/Makefile2:272: tests/CMakeFiles/test_scout_base.dir/all] Error 2
make[2]: *** [tests/CMakeFiles/test_hunter_base.dir/build.make:63: tests/CMakeFiles/test_hunter_base.dir/test_hunter_base.cpp.o] Error 1
make[1]: *** [CMakeFiles/Makefile2:299: tests/CMakeFiles/test_hunter_base.dir/all] Error 2
[ 56%] [32m[1mLinking CXX static library libgtest.a[0m
[ 56%] Built target gtest
make: *** [Makefile:141: all] Error 2
