[0.009s] Invoking command in '/robot/Automan-hunter/Workspace/ros2_ws/build/wrp_sdk': CMAKE_PREFIX_PATH=${CMAKE_PREFIX_PATH}:/opt/ros/foxy /usr/bin/cmake --build /robot/Automan-hunter/Workspace/ros2_ws/build/wrp_sdk -- -j24 -l24
[0.024s] -- Found ament_cmake: 0.9.9 (/opt/ros/foxy/share/ament_cmake/cmake)
[0.037s] -- Found PythonInterp: /usr/bin/python3 (found suitable version "3.8.10", minimum required is "3") 
[0.037s] -- Using PYTHON_EXECUTABLE: /usr/bin/python3
[0.186s] -- Found PythonInterp: /usr/bin/python3 (found version "3.8.10") 
[0.227s] -- Configuring done
[0.239s] -- Generating done
[0.241s] -- Build files have been written to: /robot/Automan-hunter/Workspace/ros2_ws/build/wrp_sdk
[0.255s] [35m[1mScanning dependencies of target gtest[0m
[0.261s] [  9%] [32m[1mLinking CXX executable test_aserial_comm[0m
[0.261s] [ 12%] [32m[1mLinking CXX executable test_asio_can[0m
[0.261s] [ 37%] Built target wrp_sdk
[0.261s] [ 40%] [32mBuilding CXX object tests/CMakeFiles/test_acan.dir/test_acan.cpp.o[0m
[0.262s] [ 43%] [32mBuilding CXX object tests/CMakeFiles/test_hunter_base.dir/test_hunter_base.cpp.o[0m
[0.263s] [ 46%] [32mBuilding CXX object unit_tests/googletest/googlemock/gtest/CMakeFiles/gtest.dir/src/gtest-all.cc.o[0m
[0.263s] [ 50%] [32mBuilding CXX object tests/CMakeFiles/test_scout_base.dir/test_scout_base.cpp.o[0m
[0.263s] [ 53%] [32m[1mLinking CXX executable test_aserial[0m
[0.278s] /usr/bin/ld: cannot find -lwrpsdk
[0.278s] collect2: error: ld returned 1 exit status
[0.279s] make[2]: *** [tests/CMakeFiles/test_aserial_comm.dir/build.make:84: tests/test_aserial_comm] Error 1
[0.279s] make[1]: *** [CMakeFiles/Makefile2:380: tests/CMakeFiles/test_aserial_comm.dir/all] Error 2
[0.279s] make[1]: *** Waiting for unfinished jobs....
[0.281s] /usr/bin/ld: cannot find -lwrpsdk
[0.281s] collect2: error: ld returned 1 exit status
[0.282s] make[2]: *** [tests/CMakeFiles/test_aserial.dir/build.make:84: tests/test_aserial] Error 1
[0.282s] make[1]: *** [CMakeFiles/Makefile2:407: tests/CMakeFiles/test_aserial.dir/all] Error 2
[0.284s] /usr/bin/ld: cannot find -lwrpsdk
[0.284s] collect2: error: ld returned 1 exit status
[0.285s] make[2]: *** [tests/CMakeFiles/test_asio_can.dir/build.make:84: tests/test_asio_can] Error 1
[0.285s] make[1]: *** [CMakeFiles/Makefile2:353: tests/CMakeFiles/test_asio_can.dir/all] Error 2
[0.954s] In file included from [01m[K/robot/Automan-hunter/Workspace/ros2_ws/src/wrp_sdk/tests/test_acan.cpp:2[m[K:
[0.954s] [01m[K/robot/Automan-hunter/Workspace/ros2_ws/src/wrp_sdk/include/wrp_sdk/asyncio/async_can.hpp:111:18:[m[K [01;31m[Kerror: [m[Kâ€˜[01m[Kbasic_stream_descriptor[m[Kâ€™ in namespace â€˜[01m[Kasio::posix[m[Kâ€™ does not name a template type; did you mean â€˜[01m[Kstream_descriptor[m[Kâ€™?
[0.954s]   111 |     asio::posix::[01;31m[Kbasic_stream_descriptor[m[K<> stream;
[0.954s]       |                  [01;31m[K^~~~~~~~~~~~~~~~~~~~~~~[m[K
[0.954s]       |                  [32m[Kstream_descriptor[m[K
[0.955s] [01m[K/robot/Automan-hunter/Workspace/ros2_ws/src/wrp_sdk/include/wrp_sdk/asyncio/async_can.hpp:119:60:[m[K [01;31m[Kerror: [m[Kâ€˜[01m[Kasio::posix::basic_stream_descriptor[m[Kâ€™ has not been declared
[0.955s]   119 |     void do_read(struct can_frame &rec_frame, asio::posix::[01;31m[Kbasic_stream_descriptor[m[K<> &stream);
[0.955s]       |                                                            [01;31m[K^~~~~~~~~~~~~~~~~~~~~~~[m[K
[0.955s] [01m[K/robot/Automan-hunter/Workspace/ros2_ws/src/wrp_sdk/include/wrp_sdk/asyncio/async_can.hpp:119:83:[m[K [01;31m[Kerror: [m[Kexpected â€˜[01m[K,[m[Kâ€™ or â€˜[01m[K...[m[Kâ€™ before â€˜[01m[K<[m[Kâ€™ token
[0.955s]   119 |     void do_read(struct can_frame &rec_frame, asio::posix::basic_stream_descriptor[01;31m[K<[m[K> &stream);
[0.955s]       |                                                                                   [01;31m[K^[m[K
[0.955s] In file included from [01m[K/robot/Automan-hunter/Workspace/ros2_ws/src/wrp_sdk/include/wrp_sdk/platforms/scout/scout_base.hpp:19[m[K,
[0.955s]                  from [01m[K/robot/Automan-hunter/Workspace/ros2_ws/src/wrp_sdk/tests/test_scout_base.cpp:11[m[K:
[0.955s] [01m[K/robot/Automan-hunter/Workspace/ros2_ws/src/wrp_sdk/include/wrp_sdk/asyncio/async_can.hpp:111:18:[m[K [01;31m[Kerror: [m[Kâ€˜[01m[Kbasic_stream_descriptor[m[Kâ€™ in namespace â€˜[01m[Kasio::posix[m[Kâ€™ does not name a template type; did you mean â€˜[01m[Kstream_descriptor[m[Kâ€™?
[0.955s]   111 |     asio::posix::[01;31m[Kbasic_stream_descriptor[m[K<> stream;
[0.955s]       |                  [01;31m[K^~~~~~~~~~~~~~~~~~~~~~~[m[K
[0.955s]       |                  [32m[Kstream_descriptor[m[K
[0.955s] [01m[K/robot/Automan-hunter/Workspace/ros2_ws/src/wrp_sdk/tests/test_acan.cpp:[m[K In function â€˜[01m[Kvoid parse_buffer(uint8_t*, size_t, size_t)[m[Kâ€™:
[0.955s] [01m[K/robot/Automan-hunter/Workspace/ros2_ws/src/wrp_sdk/tests/test_acan.cpp:15:14:[m[K [01;35m[Kwarning: [m[Kunused variable â€˜[01m[Kc[m[Kâ€™ [[01;35m[K-Wunused-variable[m[K]
[0.955s]    15 |         auto [01;35m[Kc[m[K = *buf++;
[0.956s]       |              [01;35m[K^[m[K
[0.956s] [01m[K/robot/Automan-hunter/Workspace/ros2_ws/src/wrp_sdk/tests/test_acan.cpp:6:46:[m[K [01;35m[Kwarning: [m[Kunused parameter â€˜[01m[Kbufsize[m[Kâ€™ [[01;35m[K-Wunused-parameter[m[K]
[0.956s]     6 | void parse_buffer(uint8_t *buf, [01;35m[Kconst size_t bufsize[m[K, size_t bytes_received)
[0.956s]       |                                 [01;35m[K~~~~~~~~~~~~~^~~~~~~[m[K
[0.956s] [01m[K/robot/Automan-hunter/Workspace/ros2_ws/src/wrp_sdk/include/wrp_sdk/asyncio/async_can.hpp:119:60:[m[K [01;31m[Kerror: [m[Kâ€˜[01m[Kasio::posix::basic_stream_descriptor[m[Kâ€™ has not been declared
[0.956s]   119 |     void do_read(struct can_frame &rec_frame, asio::posix::[01;31m[Kbasic_stream_descriptor[m[K<> &stream);
[0.956s]       |                                                            [01;31m[K^~~~~~~~~~~~~~~~~~~~~~~[m[K
[0.956s] [01m[K/robot/Automan-hunter/Workspace/ros2_ws/src/wrp_sdk/include/wrp_sdk/asyncio/async_can.hpp:119:83:[m[K [01;31m[Kerror: [m[Kexpected â€˜[01m[K,[m[Kâ€™ or â€˜[01m[K...[m[Kâ€™ before â€˜[01m[K<[m[Kâ€™ token
[0.956s]   119 |     void do_read(struct can_frame &rec_frame, asio::posix::basic_stream_descriptor[01;31m[K<[m[K> &stream);
[0.956s]       |                                                                                   [01;31m[K^[m[K
[0.957s] In file included from [01m[K/robot/Automan-hunter/Workspace/ros2_ws/src/wrp_sdk/include/wrp_sdk/asyncio/async_serial.hpp:44[m[K,
[0.957s]                  from [01m[K/robot/Automan-hunter/Workspace/ros2_ws/src/wrp_sdk/include/wrp_sdk/platforms/scout/scout_base.hpp:20[m[K,
[0.957s]                  from [01m[K/robot/Automan-hunter/Workspace/ros2_ws/src/wrp_sdk/tests/test_scout_base.cpp:11[m[K:
[0.957s] [01m[K/robot/Automan-hunter/Workspace/ros2_ws/src/wrp_sdk/include/wrp_sdk/asyncio/msg_buffer.hpp:[m[K In constructor â€˜[01m[Kwestonrobot::MsgBuffer::MsgBuffer()[m[Kâ€™:
[0.957s] [01m[K/robot/Automan-hunter/Workspace/ros2_ws/src/wrp_sdk/include/wrp_sdk/asyncio/msg_buffer.hpp:35:13:[m[K [01;35m[Kwarning: [m[Kâ€˜[01m[Kwestonrobot::MsgBuffer::pos[m[Kâ€™ will be initialized after [[01;35m[K-Wreorder[m[K]
[0.957s]    35 |     ssize_t [01;35m[Kpos[m[K;
[0.957s]       |             [01;35m[K^~~[m[K
[0.957s] [01m[K/robot/Automan-hunter/Workspace/ros2_ws/src/wrp_sdk/include/wrp_sdk/asyncio/msg_buffer.hpp:34:13:[m[K [01;35m[Kwarning: [m[K  â€˜[01m[Kssize_t westonrobot::MsgBuffer::len[m[Kâ€™ [[01;35m[K-Wreorder[m[K]
[0.957s]    34 |     ssize_t [01;35m[Klen[m[K;
[0.957s]       |             [01;35m[K^~~[m[K
[0.957s] [01m[K/robot/Automan-hunter/Workspace/ros2_ws/src/wrp_sdk/include/wrp_sdk/asyncio/msg_buffer.hpp:37:5:[m[K [01;35m[Kwarning: [m[K  when initialized here [[01;35m[K-Wreorder[m[K]
[0.957s]    37 |     [01;35m[KMsgBuffer[m[K() : pos(0),
[0.957s]       |     [01;35m[K^~~~~~~~~[m[K
[0.957s] [01m[K/robot/Automan-hunter/Workspace/ros2_ws/src/wrp_sdk/include/wrp_sdk/asyncio/msg_buffer.hpp:[m[K In constructor â€˜[01m[Kwestonrobot::MsgBuffer::MsgBuffer(const uint8_t*, ssize_t)[m[Kâ€™:
[0.957s] [01m[K/robot/Automan-hunter/Workspace/ros2_ws/src/wrp_sdk/include/wrp_sdk/asyncio/msg_buffer.hpp:35:13:[m[K [01;35m[Kwarning: [m[Kâ€˜[01m[Kwestonrobot::MsgBuffer::pos[m[Kâ€™ will be initialized after [[01;35m[K-Wreorder[m[K]
[0.957s]    35 |     ssize_t [01;35m[Kpos[m[K;
[0.957s]       |             [01;35m[K^~~[m[K
[0.958s] [01m[K/robot/Automan-hunter/Workspace/ros2_ws/src/wrp_sdk/include/wrp_sdk/asyncio/msg_buffer.hpp:34:13:[m[K [01;35m[Kwarning: [m[K  â€˜[01m[Kssize_t westonrobot::MsgBuffer::len[m[Kâ€™ [[01;35m[K-Wreorder[m[K]
[0.958s]    34 |     ssize_t [01;35m[Klen[m[K;
[0.958s]       |             [01;35m[K^~~[m[K
[0.958s] [01m[K/robot/Automan-hunter/Workspace/ros2_ws/src/wrp_sdk/include/wrp_sdk/asyncio/msg_buffer.hpp:46:5:[m[K [01;35m[Kwarning: [m[K  when initialized here [[01;35m[K-Wreorder[m[K]
[0.958s]    46 |     [01;35m[KMsgBuffer[m[K(const uint8_t *bytes, ssize_t nbytes) : pos(0),
[0.958s]       |     [01;35m[K^~~~~~~~~[m[K
[0.958s] [01m[K/robot/Automan-hunter/Workspace/ros2_ws/src/wrp_sdk/tests/test_acan.cpp:[m[K In function â€˜[01m[Kint main(int, char**)[m[Kâ€™:
[0.958s] [01m[K/robot/Automan-hunter/Workspace/ros2_ws/src/wrp_sdk/tests/test_acan.cpp:39:14:[m[K [01;35m[Kwarning: [m[Kunused parameter â€˜[01m[Kargc[m[Kâ€™ [[01;35m[K-Wunused-parameter[m[K]
[0.958s]    39 | int main([01;35m[Kint argc[m[K, char *argv[])
[0.958s]       |          [01;35m[K~~~~^~~~[m[K
[0.958s] [01m[K/robot/Automan-hunter/Workspace/ros2_ws/src/wrp_sdk/tests/test_acan.cpp:39:26:[m[K [01;35m[Kwarning: [m[Kunused parameter â€˜[01m[Kargv[m[Kâ€™ [[01;35m[K-Wunused-parameter[m[K]
[0.958s]    39 | int main(int argc, [01;35m[Kchar *argv[][m[K)
[0.958s]       |                    [01;35m[K~~~~~~^~~~~~[m[K
[0.966s] In file included from [01m[K/robot/Automan-hunter/Workspace/ros2_ws/src/wrp_sdk/include/wrp_sdk/platforms/common/mobile_base.hpp:21[m[K,
[0.966s]                  from [01m[K/robot/Automan-hunter/Workspace/ros2_ws/src/wrp_sdk/include/wrp_sdk/platforms/hunter/hunter_base.hpp:18[m[K,
[0.966s]                  from [01m[K/robot/Automan-hunter/Workspace/ros2_ws/src/wrp_sdk/tests/test_hunter_base.cpp:11[m[K:
[0.966s] [01m[K/robot/Automan-hunter/Workspace/ros2_ws/src/wrp_sdk/include/wrp_sdk/asyncio/async_can.hpp:111:18:[m[K [01;31m[Kerror: [m[Kâ€˜[01m[Kbasic_stream_descriptor[m[Kâ€™ in namespace â€˜[01m[Kasio::posix[m[Kâ€™ does not name a template type; did you mean â€˜[01m[Kstream_descriptor[m[Kâ€™?
[0.966s]   111 |     asio::posix::[01;31m[Kbasic_stream_descriptor[m[K<> stream;
[0.966s]       |                  [01;31m[K^~~~~~~~~~~~~~~~~~~~~~~[m[K
[0.966s]       |                  [32m[Kstream_descriptor[m[K
[0.967s] [01m[K/robot/Automan-hunter/Workspace/ros2_ws/src/wrp_sdk/include/wrp_sdk/asyncio/async_can.hpp:119:60:[m[K [01;31m[Kerror: [m[Kâ€˜[01m[Kasio::posix::basic_stream_descriptor[m[Kâ€™ has not been declared
[0.967s]   119 |     void do_read(struct can_frame &rec_frame, asio::posix::[01;31m[Kbasic_stream_descriptor[m[K<> &stream);
[0.967s]       |                                                            [01;31m[K^~~~~~~~~~~~~~~~~~~~~~~[m[K
[0.967s] [01m[K/robot/Automan-hunter/Workspace/ros2_ws/src/wrp_sdk/include/wrp_sdk/asyncio/async_can.hpp:119:83:[m[K [01;31m[Kerror: [m[Kexpected â€˜[01m[K,[m[Kâ€™ or â€˜[01m[K...[m[Kâ€™ before â€˜[01m[K<[m[Kâ€™ token
[0.967s]   119 |     void do_read(struct can_frame &rec_frame, asio::posix::basic_stream_descriptor[01;31m[K<[m[K> &stream);
[0.967s]       |                                                                                   [01;31m[K^[m[K
[0.968s] In file included from [01m[K/robot/Automan-hunter/Workspace/ros2_ws/src/wrp_sdk/include/wrp_sdk/asyncio/async_serial.hpp:44[m[K,
[0.968s]                  from [01m[K/robot/Automan-hunter/Workspace/ros2_ws/src/wrp_sdk/include/wrp_sdk/platforms/common/mobile_base.hpp:22[m[K,
[0.968s]                  from [01m[K/robot/Automan-hunter/Workspace/ros2_ws/src/wrp_sdk/include/wrp_sdk/platforms/hunter/hunter_base.hpp:18[m[K,
[0.968s]                  from [01m[K/robot/Automan-hunter/Workspace/ros2_ws/src/wrp_sdk/tests/test_hunter_base.cpp:11[m[K:
[0.968s] [01m[K/robot/Automan-hunter/Workspace/ros2_ws/src/wrp_sdk/include/wrp_sdk/asyncio/msg_buffer.hpp:[m[K In constructor â€˜[01m[Kwestonrobot::MsgBuffer::MsgBuffer()[m[Kâ€™:
[0.968s] [01m[K/robot/Automan-hunter/Workspace/ros2_ws/src/wrp_sdk/include/wrp_sdk/asyncio/msg_buffer.hpp:35:13:[m[K [01;35m[Kwarning: [m[Kâ€˜[01m[Kwestonrobot::MsgBuffer::pos[m[Kâ€™ will be initialized after [[01;35m[K-Wreorder[m[K]
[0.968s]    35 |     ssize_t [01;35m[Kpos[m[K;
[0.968s]       |             [01;35m[K^~~[m[K
[0.968s] [01m[K/robot/Automan-hunter/Workspace/ros2_ws/src/wrp_sdk/include/wrp_sdk/asyncio/msg_buffer.hpp:34:13:[m[K [01;35m[Kwarning: [m[K  â€˜[01m[Kssize_t westonrobot::MsgBuffer::len[m[Kâ€™ [[01;35m[K-Wreorder[m[K]
[0.968s]    34 |     ssize_t [01;35m[Klen[m[K;
[0.968s]       |             [01;35m[K^~~[m[K
[0.968s] [01m[K/robot/Automan-hunter/Workspace/ros2_ws/src/wrp_sdk/include/wrp_sdk/asyncio/msg_buffer.hpp:37:5:[m[K [01;35m[Kwarning: [m[K  when initialized here [[01;35m[K-Wreorder[m[K]
[0.968s]    37 |     [01;35m[KMsgBuffer[m[K() : pos(0),
[0.968s]       |     [01;35m[K^~~~~~~~~[m[K
[0.968s] [01m[K/robot/Automan-hunter/Workspace/ros2_ws/src/wrp_sdk/include/wrp_sdk/asyncio/msg_buffer.hpp:[m[K In constructor â€˜[01m[Kwestonrobot::MsgBuffer::MsgBuffer(const uint8_t*, ssize_t)[m[Kâ€™:
[0.968s] [01m[K/robot/Automan-hunter/Workspace/ros2_ws/src/wrp_sdk/include/wrp_sdk/asyncio/msg_buffer.hpp:35:13:[m[K [01;35m[Kwarning: [m[Kâ€˜[01m[Kwestonrobot::MsgBuffer::pos[m[Kâ€™ will be initialized after [[01;35m[K-Wreorder[m[K]
[0.968s]    35 |     ssize_t [01;35m[Kpos[m[K;
[0.969s]       |             [01;35m[K^~~[m[K
[0.969s] [01m[K/robot/Automan-hunter/Workspace/ros2_ws/src/wrp_sdk/include/wrp_sdk/asyncio/msg_buffer.hpp:34:13:[m[K [01;35m[Kwarning: [m[K  â€˜[01m[Kssize_t westonrobot::MsgBuffer::len[m[Kâ€™ [[01;35m[K-Wreorder[m[K]
[0.969s]    34 |     ssize_t [01;35m[Klen[m[K;
[0.969s]       |             [01;35m[K^~~[m[K
[0.969s] [01m[K/robot/Automan-hunter/Workspace/ros2_ws/src/wrp_sdk/include/wrp_sdk/asyncio/msg_buffer.hpp:46:5:[m[K [01;35m[Kwarning: [m[K  when initialized here [[01;35m[K-Wreorder[m[K]
[0.969s]    46 |     [01;35m[KMsgBuffer[m[K(const uint8_t *bytes, ssize_t nbytes) : pos(0),
[0.969s]       |     [01;35m[K^~~~~~~~~[m[K
[0.974s] In file included from [01m[K/robot/Automan-hunter/Workspace/ros2_ws/src/wrp_sdk/include/wrp_sdk/platforms/hunter/hunter_base.hpp:18[m[K,
[0.974s]                  from [01m[K/robot/Automan-hunter/Workspace/ros2_ws/src/wrp_sdk/tests/test_hunter_base.cpp:11[m[K:
[0.974s] [01m[K/robot/Automan-hunter/Workspace/ros2_ws/src/wrp_sdk/include/wrp_sdk/platforms/common/mobile_base.hpp:[m[K In member function â€˜[01m[Kvirtual void westonrobot::MobileBase::ParseCANFrame(can_frame*)[m[Kâ€™:
[0.974s] [01m[K/robot/Automan-hunter/Workspace/ros2_ws/src/wrp_sdk/include/wrp_sdk/platforms/common/mobile_base.hpp:68:41:[m[K [01;35m[Kwarning: [m[Kunused parameter â€˜[01m[Krx_frame[m[Kâ€™ [[01;35m[K-Wunused-parameter[m[K]
[0.974s]    68 |   virtual void ParseCANFrame([01;35m[Kcan_frame *rx_frame[m[K){};
[0.975s]       |                              [01;35m[K~~~~~~~~~~~^~~~~~~~[m[K
[0.975s] [01m[K/robot/Automan-hunter/Workspace/ros2_ws/src/wrp_sdk/include/wrp_sdk/platforms/common/mobile_base.hpp:[m[K In member function â€˜[01m[Kvirtual void westonrobot::MobileBase::ParseUARTBuffer(uint8_t*, size_t, size_t)[m[Kâ€™:
[0.975s] [01m[K/robot/Automan-hunter/Workspace/ros2_ws/src/wrp_sdk/include/wrp_sdk/platforms/common/mobile_base.hpp:69:41:[m[K [01;35m[Kwarning: [m[Kunused parameter â€˜[01m[Kbuf[m[Kâ€™ [[01;35m[K-Wunused-parameter[m[K]
[0.975s]    69 |   virtual void ParseUARTBuffer([01;35m[Kuint8_t *buf[m[K, const size_t bufsize,
[0.975s]       |                                [01;35m[K~~~~~~~~~^~~[m[K
[0.975s] [01m[K/robot/Automan-hunter/Workspace/ros2_ws/src/wrp_sdk/include/wrp_sdk/platforms/common/mobile_base.hpp:69:59:[m[K [01;35m[Kwarning: [m[Kunused parameter â€˜[01m[Kbufsize[m[Kâ€™ [[01;35m[K-Wunused-parameter[m[K]
[0.975s]    69 |   virtual void ParseUARTBuffer(uint8_t *buf, [01;35m[Kconst size_t bufsize[m[K,
[0.975s]       |                                              [01;35m[K~~~~~~~~~~~~~^~~~~~~[m[K
[0.975s] [01m[K/robot/Automan-hunter/Workspace/ros2_ws/src/wrp_sdk/include/wrp_sdk/platforms/common/mobile_base.hpp:70:39:[m[K [01;35m[Kwarning: [m[Kunused parameter â€˜[01m[Kbytes_received[m[Kâ€™ [[01;35m[K-Wunused-parameter[m[K]
[0.975s]    70 |                                [01;35m[Ksize_t bytes_received[m[K){};
[0.975s]       |                                [01;35m[K~~~~~~~^~~~~~~~~~~~~~[m[K
[0.976s] In file included from [01m[K/robot/Automan-hunter/Workspace/ros2_ws/src/wrp_sdk/tests/test_hunter_base.cpp:11[m[K:
[0.976s] [01m[K/robot/Automan-hunter/Workspace/ros2_ws/src/wrp_sdk/include/wrp_sdk/platforms/hunter/hunter_base.hpp:[m[K In member function â€˜[01m[Kvirtual void westonrobot::HunterBase::ParseUARTBuffer(uint8_t*, size_t, size_t)[m[Kâ€™:
[0.976s] [01m[K/robot/Automan-hunter/Workspace/ros2_ws/src/wrp_sdk/include/wrp_sdk/platforms/hunter/hunter_base.hpp:57:33:[m[K [01;35m[Kwarning: [m[Kunused parameter â€˜[01m[Kbuf[m[Kâ€™ [[01;35m[K-Wunused-parameter[m[K]
[0.976s]    57 |   void ParseUARTBuffer([01;35m[Kuint8_t *buf[m[K, const size_t bufsize,
[0.976s]       |                        [01;35m[K~~~~~~~~~^~~[m[K
[0.976s] [01m[K/robot/Automan-hunter/Workspace/ros2_ws/src/wrp_sdk/include/wrp_sdk/platforms/hunter/hunter_base.hpp:57:51:[m[K [01;35m[Kwarning: [m[Kunused parameter â€˜[01m[Kbufsize[m[Kâ€™ [[01;35m[K-Wunused-parameter[m[K]
[0.976s]    57 |   void ParseUARTBuffer(uint8_t *buf, [01;35m[Kconst size_t bufsize[m[K,
[0.976s]       |                                      [01;35m[K~~~~~~~~~~~~~^~~~~~~[m[K
[0.976s] [01m[K/robot/Automan-hunter/Workspace/ros2_ws/src/wrp_sdk/include/wrp_sdk/platforms/hunter/hunter_base.hpp:58:31:[m[K [01;35m[Kwarning: [m[Kunused parameter â€˜[01m[Kbytes_received[m[Kâ€™ [[01;35m[K-Wunused-parameter[m[K]
[0.976s]    58 |                        [01;35m[Ksize_t bytes_received[m[K) override{};
[0.976s]       |                        [01;35m[K~~~~~~~^~~~~~~~~~~~~~[m[K
[0.977s] [01m[K/robot/Automan-hunter/Workspace/ros2_ws/src/wrp_sdk/tests/test_hunter_base.cpp:[m[K In function â€˜[01m[Kint main(int, char**)[m[Kâ€™:
[0.978s] [01m[K/robot/Automan-hunter/Workspace/ros2_ws/src/wrp_sdk/tests/test_hunter_base.cpp:19:11:[m[K [01;35m[Kwarning: [m[Kunused variable â€˜[01m[Kbaud_rate[m[Kâ€™ [[01;35m[K-Wunused-variable[m[K]
[0.978s]    19 |   int32_t [01;35m[Kbaud_rate[m[K = 0;
[0.978s]       |           [01;35m[K^~~~~~~~~[m[K
[1.123s] make[2]: *** [tests/CMakeFiles/test_acan.dir/build.make:63: tests/CMakeFiles/test_acan.dir/test_acan.cpp.o] Error 1
[1.123s] make[1]: *** [CMakeFiles/Makefile2:326: tests/CMakeFiles/test_acan.dir/all] Error 2
[1.127s] make[2]: *** [tests/CMakeFiles/test_scout_base.dir/build.make:63: tests/CMakeFiles/test_scout_base.dir/test_scout_base.cpp.o] Error 1
[1.127s] make[1]: *** [CMakeFiles/Makefile2:272: tests/CMakeFiles/test_scout_base.dir/all] Error 2
[1.140s] make[2]: *** [tests/CMakeFiles/test_hunter_base.dir/build.make:63: tests/CMakeFiles/test_hunter_base.dir/test_hunter_base.cpp.o] Error 1
[1.140s] make[1]: *** [CMakeFiles/Makefile2:299: tests/CMakeFiles/test_hunter_base.dir/all] Error 2
[4.709s] [ 56%] [32m[1mLinking CXX static library libgtest.a[0m
[4.730s] [ 56%] Built target gtest
[4.730s] make: *** [Makefile:141: all] Error 2
[4.731s] Invoked command in '/robot/Automan-hunter/Workspace/ros2_ws/build/wrp_sdk' returned '2': CMAKE_PREFIX_PATH=${CMAKE_PREFIX_PATH}:/opt/ros/foxy /usr/bin/cmake --build /robot/Automan-hunter/Workspace/ros2_ws/build/wrp_sdk -- -j24 -l24
