[01m[K/robot/Automan-hunter/Workspace/ros2_ws/src/wrp_sdk/tests/test_acan.cpp:2:10:[m[K [01;31m[Kfatal error: [m[Kwrp_sdk/asyncio/async_can.hpp: No such file or directory
    2 | #include [01;31m[K"wrp_sdk/asyncio/async_can.hpp"[m[K
      |          [01;31m[K^~~~~~~~~~~~~~~~~~~~~~~~~~~~~~~[m[K
compilation terminated.
make[2]: *** [tests/CMakeFiles/test_acan.dir/build.make:63: tests/CMakeFiles/test_acan.dir/test_acan.cpp.o] Error 1
make[1]: *** [CMakeFiles/Makefile2:326: tests/CMakeFiles/test_acan.dir/all] Error 2
make[1]: *** Waiting for unfinished jobs....
[01m[K/robot/Automan-hunter/Workspace/ros2_ws/src/wrp_sdk/tests/test_aserial_comm.cpp:10:10:[m[K [01;31m[Kfatal error: [m[Kwrp_sdk/asyncio/async_serial.hpp: No such file or directory
   10 | #include [01;31m[K"wrp_sdk/asyncio/async_serial.hpp"[m[K
      |          [01;31m[K^~~~~~~~~~~~~~~~~~~~~~~~~~~~~~~~~~[m[K
compilation terminated.
[01m[K/robot/Automan-hunter/Workspace/ros2_ws/src/wrp_sdk/tests/test_aserial.cpp:10:10:[m[K [01;31m[Kfatal error: [m[Kwrp_sdk/asyncio/async_serial.hpp: No such file or directory
   10 | #include [01;31m[K"wrp_sdk/asyncio/async_serial.hpp"[m[K
      |          [01;31m[K^~~~~~~~~~~~~~~~~~~~~~~~~~~~~~~~~~[m[K
compilation terminated.
[01m[K/robot/Automan-hunter/Workspace/ros2_ws/src/wrp_sdk/tests/test_scout_base.cpp:11:10:[m[K [01;31m[Kfatal error: [m[Kwrp_sdk/platforms/scout/scout_base.hpp: No such file or directory
   11 | #include [01;31m[K"wrp_sdk/platforms/scout/scout_base.hpp"[m[K
      |          [01;31m[K^~~~~~~~~~~~~~~~~~~~~~~~~~~~~~~~~~~~~~~~[m[K
compilation terminated.
make[2]: *** [tests/CMakeFiles/test_aserial_comm.dir/build.make:63: tests/CMakeFiles/test_aserial_comm.dir/test_aserial_comm.cpp.o] Error 1
make[2]: *** [tests/CMakeFiles/test_aserial.dir/build.make:63: tests/CMakeFiles/test_aserial.dir/test_aserial.cpp.o] Error 1
make[1]: *** [CMakeFiles/Makefile2:380: tests/CMakeFiles/test_aserial_comm.dir/all] Error 2
make[1]: *** [CMakeFiles/Makefile2:407: tests/CMakeFiles/test_aserial.dir/all] Error 2
make[2]: *** [tests/CMakeFiles/test_scout_base.dir/build.make:63: tests/CMakeFiles/test_scout_base.dir/test_scout_base.cpp.o] Error 1
make[1]: *** [CMakeFiles/Makefile2:272: tests/CMakeFiles/test_scout_base.dir/all] Error 2
[01m[K/robot/Automan-hunter/Workspace/ros2_ws/src/wrp_sdk/tests/test_hunter_base.cpp:11:10:[m[K [01;31m[Kfatal error: [m[Kwrp_sdk/platforms/hunter/hunter_base.hpp: No such file or directory
   11 | #include [01;31m[K"wrp_sdk/platforms/hunter/hunter_base.hpp"[m[K
      |          [01;31m[K^~~~~~~~~~~~~~~~~~~~~~~~~~~~~~~~~~~~~~~~~~[m[K
compilation terminated.
make[2]: *** [tests/CMakeFiles/test_hunter_base.dir/build.make:63: tests/CMakeFiles/test_hunter_base.dir/test_hunter_base.cpp.o] Error 1
make[1]: *** [CMakeFiles/Makefile2:299: tests/CMakeFiles/test_hunter_base.dir/all] Error 2
/usr/bin/ld: cannot find -lwrpsdk
collect2: error: ld returned 1 exit status
make[2]: *** [tests/CMakeFiles/test_asio_can.dir/build.make:84: tests/test_asio_can] Error 1
make[1]: *** [CMakeFiles/Makefile2:353: tests/CMakeFiles/test_asio_can.dir/all] Error 2
make: *** [Makefile:141: all] Error 2
