-- Found ament_cmake: 0.9.9 (/opt/ros/foxy/share/ament_cmake/cmake)
-- Found PythonInterp: /usr/bin/python3 (found suitable version "3.8.10", minimum required is "3") 
-- Using PYTHON_EXECUTABLE: /usr/bin/python3
-- Found PythonInterp: /usr/bin/python3 (found version "3.8.10") 
-- Configuring done
-- Generating done
-- Build files have been written to: /robot/Automan-hunter/Workspace/ros2_ws/build/wrp_sdk
[35m[1mScanning dependencies of target test_hunter_base[0m
[35m[1mScanning dependencies of target test_asio_can[0m
[35m[1mScanning dependencies of target test_acan[0m
[35m[1mScanning dependencies of target test_aserial_comm[0m
[35m[1mScanning dependencies of target test_scout_base[0m
[35m[1mScanning dependencies of target test_aserial[0m
[  3%] [32mBuilding CXX object tests/CMakeFiles/test_hunter_base.dir/test_hunter_base.cpp.o[0m
[  6%] [32mBuilding CXX object tests/CMakeFiles/test_asio_can.dir/test_asio_can.cpp.o[0m
[  9%] [32mBuilding CXX object tests/CMakeFiles/test_scout_base.dir/test_scout_base.cpp.o[0m
[ 12%] [32mBuilding CXX object tests/CMakeFiles/test_acan.dir/test_acan.cpp.o[0m
[ 43%] Built target wrp_sdk
[ 50%] Built target gtest
[ 53%] [32mBuilding CXX object tests/CMakeFiles/test_aserial_comm.dir/test_aserial_comm.cpp.o[0m
[ 56%] [32mBuilding CXX object tests/CMakeFiles/test_aserial.dir/test_aserial.cpp.o[0m
[35m[1mScanning dependencies of target gtest_main[0m
[35m[1mScanning dependencies of target gmock[0m
[ 59%] [32mBuilding CXX object unit_tests/googletest/googlemock/gtest/CMakeFiles/gtest_main.dir/src/gtest_main.cc.o[0m
[01m[K/robot/Automan-hunter/Workspace/ros2_ws/src/wrp_sdk/tests/test_acan.cpp:2:10:[m[K [01;31m[Kfatal error: [m[Kwrp_sdk/asyncio/async_can.hpp: No such file or directory
    2 | #include [01;31m[K"wrp_sdk/asyncio/async_can.hpp"[m[K
      |          [01;31m[K^~~~~~~~~~~~~~~~~~~~~~~~~~~~~~~[m[K
compilation terminated.
make[2]: *** [tests/CMakeFiles/test_acan.dir/build.make:63: tests/CMakeFiles/test_acan.dir/test_acan.cpp.o] Error 1
make[1]: *** [CMakeFiles/Makefile2:326: tests/CMakeFiles/test_acan.dir/all] Error 2
make[1]: *** Waiting for unfinished jobs....
[ 62%] [32mBuilding CXX object unit_tests/googletest/googlemock/CMakeFiles/gmock.dir/src/gmock-all.cc.o[0m
[01m[K/robot/Automan-hunter/Workspace/ros2_ws/src/wrp_sdk/tests/test_aserial_comm.cpp:10:10:[m[K [01;31m[Kfatal error: [m[Kwrp_sdk/asyncio/async_serial.hpp: No such file or directory
   10 | #include [01;31m[K"wrp_sdk/asyncio/async_serial.hpp"[m[K
      |          [01;31m[K^~~~~~~~~~~~~~~~~~~~~~~~~~~~~~~~~~[m[K
compilation terminated.
[01m[K/robot/Automan-hunter/Workspace/ros2_ws/src/wrp_sdk/tests/test_aserial.cpp:10:10:[m[K [01;31m[Kfatal error: [m[Kwrp_sdk/asyncio/async_serial.hpp: No such file or directory
   10 | #include [01;31m[K"wrp_sdk/asyncio/async_serial.hpp"[m[K
      |          [01;31m[K^~~~~~~~~~~~~~~~~~~~~~~~~~~~~~~~~~[m[K
compilation terminated.
[01m[K/robot/Automan-hunter/Workspace/ros2_ws/src/wrp_sdk/tests/test_scout_base.cpp:11:10:[m[K [01;31m[Kfatal error: [m[Kwrp_sdk/platforms/scout/scout_base.hpp: No such file or directory
   11 | #include [01;31m[K"wrp_sdk/platforms/scout/scout_base.hpp"[m[K
      |          [01;31m[K^~~~~~~~~~~~~~~~~~~~~~~~~~~~~~~~~~~~~~~~[m[K
compilation terminated.
make[2]: *** [tests/CMakeFiles/test_aserial_comm.dir/build.make:63: tests/CMakeFiles/test_aserial_comm.dir/test_aserial_comm.cpp.o] Error 1
make[2]: *** [tests/CMakeFiles/test_aserial.dir/build.make:63: tests/CMakeFiles/test_aserial.dir/test_aserial.cpp.o] Error 1
make[1]: *** [CMakeFiles/Makefile2:380: tests/CMakeFiles/test_aserial_comm.dir/all] Error 2
make[1]: *** [CMakeFiles/Makefile2:407: tests/CMakeFiles/test_aserial.dir/all] Error 2
make[2]: *** [tests/CMakeFiles/test_scout_base.dir/build.make:63: tests/CMakeFiles/test_scout_base.dir/test_scout_base.cpp.o] Error 1
make[1]: *** [CMakeFiles/Makefile2:272: tests/CMakeFiles/test_scout_base.dir/all] Error 2
[01m[K/robot/Automan-hunter/Workspace/ros2_ws/src/wrp_sdk/tests/test_hunter_base.cpp:11:10:[m[K [01;31m[Kfatal error: [m[Kwrp_sdk/platforms/hunter/hunter_base.hpp: No such file or directory
   11 | #include [01;31m[K"wrp_sdk/platforms/hunter/hunter_base.hpp"[m[K
      |          [01;31m[K^~~~~~~~~~~~~~~~~~~~~~~~~~~~~~~~~~~~~~~~~~[m[K
compilation terminated.
make[2]: *** [tests/CMakeFiles/test_hunter_base.dir/build.make:63: tests/CMakeFiles/test_hunter_base.dir/test_hunter_base.cpp.o] Error 1
make[1]: *** [CMakeFiles/Makefile2:299: tests/CMakeFiles/test_hunter_base.dir/all] Error 2
[ 65%] [32m[1mLinking CXX static library libgtest_main.a[0m
[ 65%] Built target gtest_main
[ 68%] [32m[1mLinking CXX executable test_asio_can[0m
/usr/bin/ld: cannot find -lwrpsdk
collect2: error: ld returned 1 exit status
make[2]: *** [tests/CMakeFiles/test_asio_can.dir/build.make:84: tests/test_asio_can] Error 1
make[1]: *** [CMakeFiles/Makefile2:353: tests/CMakeFiles/test_asio_can.dir/all] Error 2
[ 71%] [32m[1mLinking CXX static library libgmock.a[0m
[ 71%] Built target gmock
make: *** [Makefile:141: all] Error 2
