[0.011s] Invoking command in '/robot/Automan-hunter/Workspace/ros2_ws/build/hunter_base': CMAKE_PREFIX_PATH=${CMAKE_PREFIX_PATH}:/opt/ros/foxy LD_LIBRARY_PATH=/robot/Automan-hunter/Workspace/ros2_ws/install/hunter_msgs/lib:/robot/Automan-hunter/Workspace/ros2_ws/install/wrp_sdk/lib:/opt/ros/foxy/opt/yaml_cpp_vendor/lib:/opt/ros/foxy/opt/rviz_ogre_vendor/lib:/opt/ros/foxy/lib/x86_64-linux-gnu:/opt/ros/foxy/lib:/usr/local/cuda/lib64:/usr/local/cuda/extras/CUPTI/lib64 /usr/bin/cmake --build /robot/Automan-hunter/Workspace/ros2_ws/build/hunter_base -- -j24 -l24
[0.036s] [35m[1mScanning dependencies of target hunter_base_node[0m
[0.045s] [ 60%] Built target hunter_messenger
[0.064s] [ 80%] [32mBuilding CXX object CMakeFiles/hunter_base_node.dir/src/hunter_base_node.cpp.o[0m
[1.513s] In file included from [01m[K/robot/Automan-hunter/Workspace/ros2_ws/src/hunter_ros/hunter_base/ascent/include/ascent/Recorder.h:25[m[K,
[1.513s]                  from [01m[K/robot/Automan-hunter/Workspace/ros2_ws/src/hunter_ros/hunter_base/ascent/include/ascent/Ascent.h:17[m[K,
[1.513s]                  from [01m[K/robot/Automan-hunter/Workspace/ros2_ws/src/hunter_ros/hunter_base/include/hunter_base/hunter_messenger.hpp:27[m[K,
[1.513s]                  from [01m[K/robot/Automan-hunter/Workspace/ros2_ws/src/hunter_ros/hunter_base/src/hunter_base_node.cpp:9[m[K:
[1.514s] [01m[K/robot/Automan-hunter/Workspace/ros2_ws/src/hunter_ros/hunter_base/ascent/include/ascent/containers/stack.h:54:7:[m[K [01;35m[Kwarning: [m[Ktype qualifiers ignored on function return type [[01;35m[K-Wignored-qualifiers[m[K]
[1.514s]    54 |       [01;35m[Kconst[m[K pointer operator->() const noexcept
[1.514s]       |       [01;35m[K^~~~~[m[K
[1.514s] [01m[K/robot/Automan-hunter/Workspace/ros2_ws/src/hunter_ros/hunter_base/ascent/include/ascent/containers/stack.h:113:7:[m[K [01;35m[Kwarning: [m[Ktype qualifiers ignored on function return type [[01;35m[K-Wignored-qualifiers[m[K]
[1.514s]   113 |       [01;35m[Kconst[m[K pointer operator->() const
[1.514s]       |       [01;35m[K^~~~~[m[K
[1.516s] In file included from [01m[K/robot/Automan-hunter/Workspace/ros2_ws/src/hunter_ros/hunter_base/ascent/include/ascent/integrators/RK2.h:17[m[K,
[1.517s]                  from [01m[K/robot/Automan-hunter/Workspace/ros2_ws/src/hunter_ros/hunter_base/ascent/include/ascent/Ascent.h:26[m[K,
[1.517s]                  from [01m[K/robot/Automan-hunter/Workspace/ros2_ws/src/hunter_ros/hunter_base/include/hunter_base/hunter_messenger.hpp:27[m[K,
[1.517s]                  from [01m[K/robot/Automan-hunter/Workspace/ros2_ws/src/hunter_ros/hunter_base/src/hunter_base_node.cpp:9[m[K:
[1.517s] [01m[K/robot/Automan-hunter/Workspace/ros2_ws/src/hunter_ros/hunter_base/ascent/include/ascent/Utility.h:25:14:[m[K [01;35m[Kwarning: [m[Ktype qualifiers ignored on function return type [[01;35m[K-Wignored-qualifiers[m[K]
[1.517s]    25 |    constexpr [01;35m[Kconst[m[K value_t cx(long double v) { return static_cast<value_t>(v); }
[1.517s]       |              [01;35m[K^~~~~[m[K
[1.517s] [01m[K/robot/Automan-hunter/Workspace/ros2_ws/src/hunter_ros/hunter_base/ascent/include/ascent/Utility.h:26:14:[m[K [01;35m[Kwarning: [m[Ktype qualifiers ignored on function return type [[01;35m[K-Wignored-qualifiers[m[K]
[1.517s]    26 |    constexpr [01;35m[Kconst[m[K value_t operator"" _v(long double v) { return static_cast<value_t>(v); }
[1.517s]       |              [01;35m[K^~~~~[m[K
[1.549s] [01m[K/robot/Automan-hunter/Workspace/ros2_ws/src/hunter_ros/hunter_base/src/hunter_base_node.cpp:[m[K In function â€˜[01m[Kint main(int, char**)[m[Kâ€™:
[1.549s] [01m[K/robot/Automan-hunter/Workspace/ros2_ws/src/hunter_ros/hunter_base/src/hunter_base_node.cpp:22:45:[m[K [01;31m[Kerror: [m[Kno matching function for call to â€˜[01m[Kwestonrobot::HunterROSMessenger::HunterROSMessenger(westonrobot::HunterBase*, std::__shared_ptr_access<rclcpp::Node, __gnu_cxx::_S_atomic, false, false>::element_type&)[m[Kâ€™
[1.549s]    22 |   HunterROSMessenger messenger(&robot, *node[01;31m[K)[m[K;
[1.549s]       |                                             [01;31m[K^[m[K
[1.549s] In file included from [01m[K/robot/Automan-hunter/Workspace/ros2_ws/src/hunter_ros/hunter_base/src/hunter_base_node.cpp:9[m[K:
[1.549s] [01m[K/robot/Automan-hunter/Workspace/ros2_ws/src/hunter_ros/hunter_base/include/hunter_base/hunter_messenger.hpp:59:3:[m[K [01;36m[Knote: [m[Kcandidate: â€˜[01m[Kwestonrobot::HunterROSMessenger::HunterROSMessenger(westonrobot::HunterBase*, rclcpp::Node*)[m[Kâ€™
[1.549s]    59 |   [01;36m[KHunterROSMessenger[m[K(HunterBase *hunter, rclcpp::Node *node);
[1.549s]       |   [01;36m[K^~~~~~~~~~~~~~~~~~[m[K
[1.549s] [01m[K/robot/Automan-hunter/Workspace/ros2_ws/src/hunter_ros/hunter_base/include/hunter_base/hunter_messenger.hpp:59:56:[m[K [01;36m[Knote: [m[K  no known conversion for argument 2 from â€˜[01m[Kstd::__shared_ptr_access<rclcpp::Node, __gnu_cxx::_S_atomic, false, false>::element_type[m[Kâ€™ {aka â€˜[01m[Krclcpp::Node[m[Kâ€™} to â€˜[01m[Krclcpp::Node*[m[Kâ€™
[1.549s]    59 |   HunterROSMessenger(HunterBase *hunter, [01;36m[Krclcpp::Node *node[m[K);
[1.549s]       |                                          [01;36m[K~~~~~~~~~~~~~~^~~~[m[K
[1.549s] [01m[K/robot/Automan-hunter/Workspace/ros2_ws/src/hunter_ros/hunter_base/include/hunter_base/hunter_messenger.hpp:58:12:[m[K [01;36m[Knote: [m[Kcandidate: â€˜[01m[Kwestonrobot::HunterROSMessenger::HunterROSMessenger(rclcpp::Node*)[m[Kâ€™
[1.549s]    58 |   explicit [01;36m[KHunterROSMessenger[m[K(rclcpp::Node *node);
[1.549s]       |            [01;36m[K^~~~~~~~~~~~~~~~~~[m[K
[1.550s] [01m[K/robot/Automan-hunter/Workspace/ros2_ws/src/hunter_ros/hunter_base/include/hunter_base/hunter_messenger.hpp:58:12:[m[K [01;36m[Knote: [m[K  candidate expects 1 argument, 2 provided
[1.558s] [01m[K/robot/Automan-hunter/Workspace/ros2_ws/src/hunter_ros/hunter_base/src/hunter_base_node.cpp:50:7:[m[K [01;35m[Kwarning: [m[Kunused variable â€˜[01m[Kcnt[m[Kâ€™ [[01;35m[K-Wunused-variable[m[K]
[1.558s]    50 |   int [01;35m[Kcnt[m[K = 0;
[1.558s]       |       [01;35m[K^~~[m[K
[1.912s] make[2]: *** [CMakeFiles/hunter_base_node.dir/build.make:63: CMakeFiles/hunter_base_node.dir/src/hunter_base_node.cpp.o] Error 1
[1.912s] make[1]: *** [CMakeFiles/Makefile2:80: CMakeFiles/hunter_base_node.dir/all] Error 2
[1.912s] make: *** [Makefile:141: all] Error 2
[1.913s] Invoked command in '/robot/Automan-hunter/Workspace/ros2_ws/build/hunter_base' returned '2': CMAKE_PREFIX_PATH=${CMAKE_PREFIX_PATH}:/opt/ros/foxy LD_LIBRARY_PATH=/robot/Automan-hunter/Workspace/ros2_ws/install/hunter_msgs/lib:/robot/Automan-hunter/Workspace/ros2_ws/install/wrp_sdk/lib:/opt/ros/foxy/opt/yaml_cpp_vendor/lib:/opt/ros/foxy/opt/rviz_ogre_vendor/lib:/opt/ros/foxy/lib/x86_64-linux-gnu:/opt/ros/foxy/lib:/usr/local/cuda/lib64:/usr/local/cuda/extras/CUPTI/lib64 /usr/bin/cmake --build /robot/Automan-hunter/Workspace/ros2_ws/build/hunter_base -- -j24 -l24
