-- Found ament_cmake: 0.9.9 (/opt/ros/foxy/share/ament_cmake/cmake)
-- Using PYTHON_EXECUTABLE: /usr/bin/python3
-- Found rclcpp: 2.4.0 (/opt/ros/foxy/share/rclcpp/cmake)
-- Using all available rosidl_typesupport_c: rosidl_typesupport_fastrtps_c;rosidl_typesupport_introspection_c
-- Found rosidl_adapter: 1.2.1 (/opt/ros/foxy/share/rosidl_adapter/cmake)
-- Using all available rosidl_typesupport_cpp: rosidl_typesupport_fastrtps_cpp;rosidl_typesupport_introspection_cpp
-- Found rmw_implementation_cmake: 1.0.3 (/opt/ros/foxy/share/rmw_implementation_cmake/cmake)
-- Using RMW implementation 'rmw_fastrtps_cpp' as default
-- Found sensor_msgs: 2.0.4 (/opt/ros/foxy/share/sensor_msgs/cmake)
-- Found nav_msgs: 2.0.4 (/opt/ros/foxy/share/nav_msgs/cmake)
-- Found tf2: 0.13.12 (/opt/ros/foxy/share/tf2/cmake)
-- Found tf2_ros: 0.13.12 (/opt/ros/foxy/share/tf2_ros/cmake)
-- Found hunter_msgs: 0.0.0 (/robot/Automan-hunter/Workspace/ros2_ws/install/hunter_msgs/share/hunter_msgs/cmake)
-- Found wrp_sdk: 0.3.3 (/robot/Automan-hunter/Workspace/ros2_ws/install/wrp_sdk/share/wrp_sdk/cmake)
-- Configuring done
-- Generating done
-- Build files have been written to: /robot/Automan-hunter/Workspace/ros2_ws/build/hunter_base
[35m[1mScanning dependencies of target hunter_base_node[0m
[ 33%] [32m[1mLinking CXX executable hunter_base_node[0m
/usr/bin/ld: CMakeFiles/hunter_base_node.dir/src/hunter_base_ros.cpp.o: in function `westonrobot::HunterBaseRos::Run()':
hunter_base_ros.cpp:(.text+0xb94): undefined reference to `westonrobot::HunterROSMessenger::HunterROSMessenger(westonrobot::HunterBase*, rclcpp::Node*)'
/usr/bin/ld: hunter_base_ros.cpp:(.text+0xcc2): undefined reference to `westonrobot::HunterROSMessenger::SetupSubscription()'
/usr/bin/ld: hunter_base_ros.cpp:(.text+0xd48): undefined reference to `westonrobot::HunterROSMessenger::PublishStateToROS()'
collect2: error: ld returned 1 exit status
make[2]: *** [CMakeFiles/hunter_base_node.dir/build.make:152: hunter_base_node] Error 1
make[1]: *** [CMakeFiles/Makefile2:78: CMakeFiles/hunter_base_node.dir/all] Error 2
make: *** [Makefile:141: all] Error 2
